TI ARM Assembler PC v5.0.4 Mon Apr 28 12:17:00 2014

Tools Copyright (c) 1996-2013 Texas Instruments Incorporated
startup_ccs.asm                                                      PAGE    1

       1                    ;******************************************************************************
       2                    ;* TI ARM C/C++ Codegen                                             PC v5.0.4 *
       3                    ;* Date/Time created: Mon Apr 28 12:17:00 2014                                *
       4                    ;******************************************************************************
       5                            .compiler_opts --abi=eabi --arm_vmrs_si_workaround=on --code_state=16 --disable_dual_state --e
       6 00000000                   .thumb
       7                    
       8                    $C$DW$CU        .dwtag  DW_TAG_compile_unit
       9                            .dwattr $C$DW$CU, DW_AT_name("../startup_ccs.c")
      10                            .dwattr $C$DW$CU, DW_AT_producer("TI TI ARM C/C++ Codegen PC v5.0.4 Copyright (c) 1996-2013 Te
      11                            .dwattr $C$DW$CU, DW_AT_TI_version(0x01)
      12                            .dwattr $C$DW$CU, DW_AT_comp_dir("H:\EECS_388\TI_ARM_Project\FreeRTOS_IntTimer\Debug")
      13                    
      14                    $C$DW$1 .dwtag  DW_TAG_subprogram, DW_AT_name("xPortPendSVHandler")
      15                            .dwattr $C$DW$1, DW_AT_TI_symbol_name("xPortPendSVHandler")
      16                            .dwattr $C$DW$1, DW_AT_declaration
      17                            .dwattr $C$DW$1, DW_AT_external
      18                            .dwattr $C$DW$1, DW_AT_decl_file("../startup_ccs.c")
      19                            .dwattr $C$DW$1, DW_AT_decl_line(0x31)
      20                            .dwattr $C$DW$1, DW_AT_decl_column(0x0d)
      21                    
      22                    $C$DW$2 .dwtag  DW_TAG_subprogram, DW_AT_name("vPortSVCHandler")
      23                            .dwattr $C$DW$2, DW_AT_TI_symbol_name("vPortSVCHandler")
      24                            .dwattr $C$DW$2, DW_AT_declaration
      25                            .dwattr $C$DW$2, DW_AT_external
      26                            .dwattr $C$DW$2, DW_AT_decl_file("../startup_ccs.c")
      27                            .dwattr $C$DW$2, DW_AT_decl_line(0x32)
      28                            .dwattr $C$DW$2, DW_AT_decl_column(0x0d)
      29                    
      30                    $C$DW$3 .dwtag  DW_TAG_subprogram, DW_AT_name("xPortSysTickHandler")
      31                            .dwattr $C$DW$3, DW_AT_TI_symbol_name("xPortSysTickHandler")
      32                            .dwattr $C$DW$3, DW_AT_declaration
      33                            .dwattr $C$DW$3, DW_AT_external
      34                            .dwattr $C$DW$3, DW_AT_decl_file("../startup_ccs.c")
      35                            .dwattr $C$DW$3, DW_AT_decl_line(0x33)
      36                            .dwattr $C$DW$3, DW_AT_decl_column(0x0d)
      37                    
      38                    $C$DW$4 .dwtag  DW_TAG_subprogram, DW_AT_name("Timer_0_A_ISR")
      39                            .dwattr $C$DW$4, DW_AT_TI_symbol_name("Timer_0_A_ISR")
      40                            .dwattr $C$DW$4, DW_AT_declaration
      41                            .dwattr $C$DW$4, DW_AT_external
      42                            .dwattr $C$DW$4, DW_AT_decl_file("../startup_ccs.c")
      43                            .dwattr $C$DW$4, DW_AT_decl_line(0x48)
      44                            .dwattr $C$DW$4, DW_AT_decl_column(0x0d)
      45 00000000           pulStack:       .usect  ".bss:pulStack",256,4
      46                    $C$DW$5 .dwtag  DW_TAG_variable, DW_AT_name("pulStack")
      47                            .dwattr $C$DW$5, DW_AT_TI_symbol_name("pulStack")
      48                            .dwattr $C$DW$5, DW_AT_type(*$C$DW$T$25)
      49                            .dwattr $C$DW$5, DW_AT_location[DW_OP_addr pulStack]
      50                            .dwattr $C$DW$5, DW_AT_decl_file("../startup_ccs.c")
      51                            .dwattr $C$DW$5, DW_AT_decl_line(0x3f)
      52                            .dwattr $C$DW$5, DW_AT_decl_column(0x16)
      53                            .global g_pfnVectors
      54 00000000                   .sect   ".intvecs"
      55                            .align  4
TI ARM Assembler PC v5.0.4 Mon Apr 28 12:17:00 2014

Tools Copyright (c) 1996-2013 Texas Instruments Incorporated
startup_ccs.asm                                                      PAGE    2

      56                            .elfsym g_pfnVectors,SYM_SIZE(240)
      57 00000000           g_pfnVectors:
      58 00000000 00000100!         .field  pulStack+256,32         ; g_pfnVectors[0] @ 0
      59 00000004 00000000!         .field  ResetISR,32             ; g_pfnVectors[1] @ 32
      60 00000008 00000000!         .field  NmiSR,32                ; g_pfnVectors[2] @ 64
      61 0000000c 00000000!         .field  FaultISR,32             ; g_pfnVectors[3] @ 96
      62 00000010 00000000!         .field  IntDefaultHandler,32            ; g_pfnVectors[4] @ 128
      63 00000014 00000000!         .field  IntDefaultHandler,32            ; g_pfnVectors[5] @ 160
      64 00000018 00000000!         .field  IntDefaultHandler,32            ; g_pfnVectors[6] @ 192
      65 0000001c 00000000          .field  0,32                    ; g_pfnVectors[7] @ 224
      66 00000020 00000000          .field  0,32                    ; g_pfnVectors[8] @ 256
      67 00000024 00000000          .field  0,32                    ; g_pfnVectors[9] @ 288
      68 00000028 00000000          .field  0,32                    ; g_pfnVectors[10] @ 320
      69 0000002c 00000000!         .field  vPortSVCHandler,32              ; g_pfnVectors[11] @ 352
      70 00000030 00000000!         .field  IntDefaultHandler,32            ; g_pfnVectors[12] @ 384
      71 00000034 00000000          .field  0,32                    ; g_pfnVectors[13] @ 416
      72 00000038 00000000!         .field  xPortPendSVHandler,32           ; g_pfnVectors[14] @ 448
      73 0000003c 00000000!         .field  xPortSysTickHandler,32          ; g_pfnVectors[15] @ 480
      74 00000040 00000000!         .field  IntDefaultHandler,32            ; g_pfnVectors[16] @ 512
      75 00000044 00000000!         .field  IntDefaultHandler,32            ; g_pfnVectors[17] @ 544
      76 00000048 00000000!         .field  IntDefaultHandler,32            ; g_pfnVectors[18] @ 576
      77 0000004c 00000000!         .field  IntDefaultHandler,32            ; g_pfnVectors[19] @ 608
      78 00000050 00000000!         .field  IntDefaultHandler,32            ; g_pfnVectors[20] @ 640
      79 00000054 00000000!         .field  IntDefaultHandler,32            ; g_pfnVectors[21] @ 672
      80 00000058 00000000!         .field  IntDefaultHandler,32            ; g_pfnVectors[22] @ 704
      81 0000005c 00000000!         .field  IntDefaultHandler,32            ; g_pfnVectors[23] @ 736
      82 00000060 00000000!         .field  IntDefaultHandler,32            ; g_pfnVectors[24] @ 768
      83 00000064 00000000!         .field  IntDefaultHandler,32            ; g_pfnVectors[25] @ 800
      84 00000068 00000000!         .field  IntDefaultHandler,32            ; g_pfnVectors[26] @ 832
      85 0000006c 00000000!         .field  IntDefaultHandler,32            ; g_pfnVectors[27] @ 864
      86 00000070 00000000!         .field  IntDefaultHandler,32            ; g_pfnVectors[28] @ 896
      87 00000074 00000000!         .field  IntDefaultHandler,32            ; g_pfnVectors[29] @ 928
      88 00000078 00000000!         .field  IntDefaultHandler,32            ; g_pfnVectors[30] @ 960
      89 0000007c 00000000!         .field  IntDefaultHandler,32            ; g_pfnVectors[31] @ 992
      90 00000080 00000000!         .field  IntDefaultHandler,32            ; g_pfnVectors[32] @ 1024
      91 00000084 00000000!         .field  IntDefaultHandler,32            ; g_pfnVectors[33] @ 1056
      92 00000088 00000000!         .field  IntDefaultHandler,32            ; g_pfnVectors[34] @ 1088
      93 0000008c 00000000!         .field  Timer_0_A_ISR,32                ; g_pfnVectors[35] @ 1120
      94 00000090 00000000!         .field  IntDefaultHandler,32            ; g_pfnVectors[36] @ 1152
      95 00000094 00000000!         .field  IntDefaultHandler,32            ; g_pfnVectors[37] @ 1184
      96 00000098 00000000!         .field  IntDefaultHandler,32            ; g_pfnVectors[38] @ 1216
      97 0000009c 00000000!         .field  IntDefaultHandler,32            ; g_pfnVectors[39] @ 1248
      98 000000a0 00000000!         .field  IntDefaultHandler,32            ; g_pfnVectors[40] @ 1280
      99 000000a4 00000000!         .field  IntDefaultHandler,32            ; g_pfnVectors[41] @ 1312
     100 000000a8 00000000!         .field  IntDefaultHandler,32            ; g_pfnVectors[42] @ 1344
     101 000000ac 00000000!         .field  IntDefaultHandler,32            ; g_pfnVectors[43] @ 1376
     102 000000b0 00000000!         .field  IntDefaultHandler,32            ; g_pfnVectors[44] @ 1408
     103 000000b4 00000000!         .field  IntDefaultHandler,32            ; g_pfnVectors[45] @ 1440
     104 000000b8 00000000!         .field  IntDefaultHandler,32            ; g_pfnVectors[46] @ 1472
     105 000000bc 00000000!         .field  IntDefaultHandler,32            ; g_pfnVectors[47] @ 1504
     106 000000c0 00000000!         .field  IntDefaultHandler,32            ; g_pfnVectors[48] @ 1536
     107 000000c4 00000000!         .field  IntDefaultHandler,32            ; g_pfnVectors[49] @ 1568
     108 000000c8 00000000!         .field  IntDefaultHandler,32            ; g_pfnVectors[50] @ 1600
     109 000000cc 00000000!         .field  IntDefaultHandler,32            ; g_pfnVectors[51] @ 1632
     110 000000d0 00000000!         .field  IntDefaultHandler,32            ; g_pfnVectors[52] @ 1664
TI ARM Assembler PC v5.0.4 Mon Apr 28 12:17:00 2014

Tools Copyright (c) 1996-2013 Texas Instruments Incorporated
startup_ccs.asm                                                      PAGE    3

     111 000000d4 00000000!         .field  IntDefaultHandler,32            ; g_pfnVectors[53] @ 1696
     112 000000d8 00000000!         .field  IntDefaultHandler,32            ; g_pfnVectors[54] @ 1728
     113 000000dc 00000000!         .field  IntDefaultHandler,32            ; g_pfnVectors[55] @ 1760
     114 000000e0 00000000!         .field  IntDefaultHandler,32            ; g_pfnVectors[56] @ 1792
     115 000000e4 00000000          .field  0,32                    ; g_pfnVectors[57] @ 1824
     116 000000e8 00000000!         .field  IntDefaultHandler,32            ; g_pfnVectors[58] @ 1856
     117 000000ec 00000000!         .field  IntDefaultHandler,32            ; g_pfnVectors[59] @ 1888
     118                    
     119                    $C$DW$6 .dwtag  DW_TAG_variable, DW_AT_name("g_pfnVectors")
     120                            .dwattr $C$DW$6, DW_AT_TI_symbol_name("g_pfnVectors")
     121                            .dwattr $C$DW$6, DW_AT_location[DW_OP_addr g_pfnVectors]
     122                            .dwattr $C$DW$6, DW_AT_type(*$C$DW$T$22)
     123                            .dwattr $C$DW$6, DW_AT_external
     124                            .dwattr $C$DW$6, DW_AT_decl_file("../startup_ccs.c")
     125                            .dwattr $C$DW$6, DW_AT_decl_line(0x58)
     126                            .dwattr $C$DW$6, DW_AT_decl_column(0x0f)
     127                    ;       C:\TI_CodeComposer\ccsv5\tools\compiler\arm_5.0.4\bin\armacpia.exe -@C:\\Users\\llammers\\AppD
     128 00000000                   .sect   ".text"
     129                            .clink
     130                            .thumbfunc ResetISR
     131 00000000                   .thumb
     132                            .global ResetISR
     133                    
     134                    $C$DW$7 .dwtag  DW_TAG_subprogram, DW_AT_name("ResetISR")
     135                            .dwattr $C$DW$7, DW_AT_low_pc(ResetISR)
     136                            .dwattr $C$DW$7, DW_AT_high_pc(0x00)
     137                            .dwattr $C$DW$7, DW_AT_TI_symbol_name("ResetISR")
     138                            .dwattr $C$DW$7, DW_AT_external
     139                            .dwattr $C$DW$7, DW_AT_TI_begin_file("../startup_ccs.c")
     140                            .dwattr $C$DW$7, DW_AT_TI_begin_line(0xa4)
     141                            .dwattr $C$DW$7, DW_AT_TI_begin_column(0x01)
     142                            .dwattr $C$DW$7, DW_AT_decl_file("../startup_ccs.c")
     143                            .dwattr $C$DW$7, DW_AT_decl_line(0xa4)
     144                            .dwattr $C$DW$7, DW_AT_decl_column(0x01)
     145                            .dwattr $C$DW$7, DW_AT_TI_max_frame_size(0x00)
     146                            .dwpsn  file "../startup_ccs.c",line 165,column 1,is_stmt,address ResetISR,isa 1
     147                    
     148                            .dwfde $C$DW$CIE, ResetISR
     149                    
     150                    ;*****************************************************************************
     151                    ;* FUNCTION NAME: ResetISR                                                   *
     152                    ;*                                                                           *
     153                    ;*   Regs Modified     :                                                     *
     154                    ;*   Regs Used         : LR                                                  *
     155                    ;*   Local Frame Size  : 0 Args + 0 Auto + 0 Save = 0 byte                   *
     156                    ;*****************************************************************************
     157 00000000           ResetISR:
     158                    ;* --------------------------------------------------------------------------*
     159                            .dwcfi  cfa_offset, 0
     160                            .dwpsn  file "../startup_ccs.c",line 169,column 5,is_stmt,isa 1
     161                        .global _c_int00
     162 00000000 BFFEF7FF!     b.w     _c_int00 ; [KEEP 32-BIT INS]
     163                            .dwpsn  file "../startup_ccs.c",line 171,column 1,is_stmt,isa 1
     164                    $C$DW$8 .dwtag  DW_TAG_TI_branch
     165                            .dwattr $C$DW$8, DW_AT_low_pc(0x00)
TI ARM Assembler PC v5.0.4 Mon Apr 28 12:17:00 2014

Tools Copyright (c) 1996-2013 Texas Instruments Incorporated
startup_ccs.asm                                                      PAGE    4

     166                            .dwattr $C$DW$8, DW_AT_TI_return
     167 00000004 4770              BX        LR                    ; [DPU_3_PIPE]  ; [ORIG 16-BIT INS]
     168                            ; BRANCH OCCURS                  ; [] 
     169                            .dwattr $C$DW$7, DW_AT_TI_end_file("../startup_ccs.c")
     170                            .dwattr $C$DW$7, DW_AT_TI_end_line(0xab)
     171                            .dwattr $C$DW$7, DW_AT_TI_end_column(0x01)
     172                            .dwendentry
     173                            .dwendtag $C$DW$7
     174                    
     175 00000006                   .sect   ".text"
     176                            .clink
     177                            .thumbfunc NmiSR
     178 00000006                   .thumb
     179                    
     180                    $C$DW$9 .dwtag  DW_TAG_subprogram, DW_AT_name("NmiSR")
     181                            .dwattr $C$DW$9, DW_AT_low_pc(NmiSR)
     182                            .dwattr $C$DW$9, DW_AT_high_pc(0x00)
     183                            .dwattr $C$DW$9, DW_AT_TI_symbol_name("NmiSR")
     184                            .dwattr $C$DW$9, DW_AT_TI_begin_file("../startup_ccs.c")
     185                            .dwattr $C$DW$9, DW_AT_TI_begin_line(0xb5)
     186                            .dwattr $C$DW$9, DW_AT_TI_begin_column(0x01)
     187                            .dwattr $C$DW$9, DW_AT_decl_file("../startup_ccs.c")
     188                            .dwattr $C$DW$9, DW_AT_decl_line(0xb5)
     189                            .dwattr $C$DW$9, DW_AT_decl_column(0x01)
     190                            .dwattr $C$DW$9, DW_AT_TI_max_frame_size(0x00)
     191                            .dwpsn  file "../startup_ccs.c",line 182,column 1,is_stmt,address NmiSR,isa 1
     192                    
     193                            .dwfde $C$DW$CIE, NmiSR
     194                    
     195                    ;*****************************************************************************
     196                    ;* FUNCTION NAME: NmiSR                                                      *
     197                    ;*                                                                           *
     198                    ;*   Regs Modified     :                                                     *
     199                    ;*   Regs Used         : LR                                                  *
     200                    ;*   Local Frame Size  : 0 Args + 0 Auto + 0 Save = 0 byte                   *
     201                    ;*****************************************************************************
     202 00000006           NmiSR:
     203                    ;* --------------------------------------------------------------------------*
     204                            .dwcfi  cfa_offset, 0
     205                            .dwpsn  file "../startup_ccs.c",line 186,column 11,is_stmt,isa 1
     206                    ;* --------------------------------------------------------------------------*
     207                    ;*   BEGIN LOOP ||$C$L1||
     208                    ;*
     209                    ;*   Loop source line                : 186
     210                    ;*   Loop closing brace source line  : 188
     211                    ;*   Known Minimum Trip Count        : 1
     212                    ;*   Known Maximum Trip Count        : 4294967295
     213                    ;*   Known Max Trip Count Factor     : 1
     214                    ;* --------------------------------------------------------------------------*
     215 00000006           ||$C$L1||:    
     216 00000006           $C$DW$L$NmiSR$2$B:
     217 00000006 E7FE              B         ||$C$L1||             ; [DPU_3_PIPE] |186|  ; [ORIG 16-BIT INS]
     218                            ; BRANCH OCCURS {||$C$L1||}      ; [] |186| 
     219                    $C$DW$L$NmiSR$2$E:
     220                    ;* --------------------------------------------------------------------------*
TI ARM Assembler PC v5.0.4 Mon Apr 28 12:17:00 2014

Tools Copyright (c) 1996-2013 Texas Instruments Incorporated
startup_ccs.asm                                                      PAGE    5

     221                    
     222                    $C$DW$10        .dwtag  DW_TAG_TI_loop
     223                            .dwattr $C$DW$10, DW_AT_name("H:\EECS_388\TI_ARM_Project\FreeRTOS_IntTimer\Debug\startup_ccs.a
     224                            .dwattr $C$DW$10, DW_AT_TI_begin_file("../startup_ccs.c")
     225                            .dwattr $C$DW$10, DW_AT_TI_begin_line(0xba)
     226                            .dwattr $C$DW$10, DW_AT_TI_end_line(0xbc)
     227                    $C$DW$11        .dwtag  DW_TAG_TI_loop_range
     228                            .dwattr $C$DW$11, DW_AT_low_pc($C$DW$L$NmiSR$2$B)
     229                            .dwattr $C$DW$11, DW_AT_high_pc($C$DW$L$NmiSR$2$E)
     230                            .dwendtag $C$DW$10
     231                    
     232                            .dwattr $C$DW$9, DW_AT_TI_end_file("../startup_ccs.c")
     233                            .dwattr $C$DW$9, DW_AT_TI_end_line(0xbd)
     234                            .dwattr $C$DW$9, DW_AT_TI_end_column(0x01)
     235                            .dwendentry
     236                            .dwendtag $C$DW$9
     237                    
     238 00000008                   .sect   ".text"
     239                            .clink
     240                            .thumbfunc FaultISR
     241 00000008                   .thumb
     242                    
     243                    $C$DW$12        .dwtag  DW_TAG_subprogram, DW_AT_name("FaultISR")
     244                            .dwattr $C$DW$12, DW_AT_low_pc(FaultISR)
     245                            .dwattr $C$DW$12, DW_AT_high_pc(0x00)
     246                            .dwattr $C$DW$12, DW_AT_TI_symbol_name("FaultISR")
     247                            .dwattr $C$DW$12, DW_AT_TI_begin_file("../startup_ccs.c")
     248                            .dwattr $C$DW$12, DW_AT_TI_begin_line(0xc7)
     249                            .dwattr $C$DW$12, DW_AT_TI_begin_column(0x01)
     250                            .dwattr $C$DW$12, DW_AT_decl_file("../startup_ccs.c")
     251                            .dwattr $C$DW$12, DW_AT_decl_line(0xc7)
     252                            .dwattr $C$DW$12, DW_AT_decl_column(0x01)
     253                            .dwattr $C$DW$12, DW_AT_TI_max_frame_size(0x00)
     254                            .dwpsn  file "../startup_ccs.c",line 200,column 1,is_stmt,address FaultISR,isa 1
     255                    
     256                            .dwfde $C$DW$CIE, FaultISR
     257                    
     258                    ;*****************************************************************************
     259                    ;* FUNCTION NAME: FaultISR                                                   *
     260                    ;*                                                                           *
     261                    ;*   Regs Modified     :                                                     *
     262                    ;*   Regs Used         : LR                                                  *
     263                    ;*   Local Frame Size  : 0 Args + 0 Auto + 0 Save = 0 byte                   *
     264                    ;*****************************************************************************
     265 00000008           FaultISR:
     266                    ;* --------------------------------------------------------------------------*
     267                            .dwcfi  cfa_offset, 0
     268                            .dwpsn  file "../startup_ccs.c",line 204,column 11,is_stmt,isa 1
     269                    ;* --------------------------------------------------------------------------*
     270                    ;*   BEGIN LOOP ||$C$L2||
     271                    ;*
     272                    ;*   Loop source line                : 204
     273                    ;*   Loop closing brace source line  : 206
     274                    ;*   Known Minimum Trip Count        : 1
     275                    ;*   Known Maximum Trip Count        : 4294967295
TI ARM Assembler PC v5.0.4 Mon Apr 28 12:17:00 2014

Tools Copyright (c) 1996-2013 Texas Instruments Incorporated
startup_ccs.asm                                                      PAGE    6

     276                    ;*   Known Max Trip Count Factor     : 1
     277                    ;* --------------------------------------------------------------------------*
     278 00000008           ||$C$L2||:    
     279 00000008           $C$DW$L$FaultISR$2$B:
     280 00000008 E7FE              B         ||$C$L2||             ; [DPU_3_PIPE] |204|  ; [ORIG 16-BIT INS]
     281                            ; BRANCH OCCURS {||$C$L2||}      ; [] |204| 
     282                    $C$DW$L$FaultISR$2$E:
     283                    ;* --------------------------------------------------------------------------*
     284                    
     285                    $C$DW$13        .dwtag  DW_TAG_TI_loop
     286                            .dwattr $C$DW$13, DW_AT_name("H:\EECS_388\TI_ARM_Project\FreeRTOS_IntTimer\Debug\startup_ccs.a
     287                            .dwattr $C$DW$13, DW_AT_TI_begin_file("../startup_ccs.c")
     288                            .dwattr $C$DW$13, DW_AT_TI_begin_line(0xcc)
     289                            .dwattr $C$DW$13, DW_AT_TI_end_line(0xce)
     290                    $C$DW$14        .dwtag  DW_TAG_TI_loop_range
     291                            .dwattr $C$DW$14, DW_AT_low_pc($C$DW$L$FaultISR$2$B)
     292                            .dwattr $C$DW$14, DW_AT_high_pc($C$DW$L$FaultISR$2$E)
     293                            .dwendtag $C$DW$13
     294                    
     295                            .dwattr $C$DW$12, DW_AT_TI_end_file("../startup_ccs.c")
     296                            .dwattr $C$DW$12, DW_AT_TI_end_line(0xcf)
     297                            .dwattr $C$DW$12, DW_AT_TI_end_column(0x01)
     298                            .dwendentry
     299                            .dwendtag $C$DW$12
     300                    
     301 0000000a                   .sect   ".text"
     302                            .clink
     303                            .thumbfunc IntDefaultHandler
     304 0000000a                   .thumb
     305                    
     306                    $C$DW$15        .dwtag  DW_TAG_subprogram, DW_AT_name("IntDefaultHandler")
     307                            .dwattr $C$DW$15, DW_AT_low_pc(IntDefaultHandler)
     308                            .dwattr $C$DW$15, DW_AT_high_pc(0x00)
     309                            .dwattr $C$DW$15, DW_AT_TI_symbol_name("IntDefaultHandler")
     310                            .dwattr $C$DW$15, DW_AT_TI_begin_file("../startup_ccs.c")
     311                            .dwattr $C$DW$15, DW_AT_TI_begin_line(0xd9)
     312                            .dwattr $C$DW$15, DW_AT_TI_begin_column(0x01)
     313                            .dwattr $C$DW$15, DW_AT_decl_file("../startup_ccs.c")
     314                            .dwattr $C$DW$15, DW_AT_decl_line(0xd9)
     315                            .dwattr $C$DW$15, DW_AT_decl_column(0x01)
     316                            .dwattr $C$DW$15, DW_AT_TI_max_frame_size(0x00)
     317                            .dwpsn  file "../startup_ccs.c",line 218,column 1,is_stmt,address IntDefaultHandler,isa 1
     318                    
     319                            .dwfde $C$DW$CIE, IntDefaultHandler
     320                    
     321                    ;*****************************************************************************
     322                    ;* FUNCTION NAME: IntDefaultHandler                                          *
     323                    ;*                                                                           *
     324                    ;*   Regs Modified     :                                                     *
     325                    ;*   Regs Used         : LR                                                  *
     326                    ;*   Local Frame Size  : 0 Args + 0 Auto + 0 Save = 0 byte                   *
     327                    ;*****************************************************************************
     328 0000000a           IntDefaultHandler:
     329                    ;* --------------------------------------------------------------------------*
     330                            .dwcfi  cfa_offset, 0
TI ARM Assembler PC v5.0.4 Mon Apr 28 12:17:00 2014

Tools Copyright (c) 1996-2013 Texas Instruments Incorporated
startup_ccs.asm                                                      PAGE    7

     331                            .dwpsn  file "../startup_ccs.c",line 222,column 11,is_stmt,isa 1
     332                    ;* --------------------------------------------------------------------------*
     333                    ;*   BEGIN LOOP ||$C$L3||
     334                    ;*
     335                    ;*   Loop source line                : 222
     336                    ;*   Loop closing brace source line  : 224
     337                    ;*   Known Minimum Trip Count        : 1
     338                    ;*   Known Maximum Trip Count        : 4294967295
     339                    ;*   Known Max Trip Count Factor     : 1
     340                    ;* --------------------------------------------------------------------------*
     341 0000000a           ||$C$L3||:    
     342 0000000a           $C$DW$L$IntDefaultHandler$2$B:
     343 0000000a E7FE              B         ||$C$L3||             ; [DPU_3_PIPE] |222|  ; [ORIG 16-BIT INS]
     344                            ; BRANCH OCCURS {||$C$L3||}      ; [] |222| 
     345                    $C$DW$L$IntDefaultHandler$2$E:
     346                    ;* --------------------------------------------------------------------------*
     347                    
     348                    $C$DW$16        .dwtag  DW_TAG_TI_loop
     349                            .dwattr $C$DW$16, DW_AT_name("H:\EECS_388\TI_ARM_Project\FreeRTOS_IntTimer\Debug\startup_ccs.a
     350                            .dwattr $C$DW$16, DW_AT_TI_begin_file("../startup_ccs.c")
     351                            .dwattr $C$DW$16, DW_AT_TI_begin_line(0xde)
     352                            .dwattr $C$DW$16, DW_AT_TI_end_line(0xe0)
     353                    $C$DW$17        .dwtag  DW_TAG_TI_loop_range
     354                            .dwattr $C$DW$17, DW_AT_low_pc($C$DW$L$IntDefaultHandler$2$B)
     355                            .dwattr $C$DW$17, DW_AT_high_pc($C$DW$L$IntDefaultHandler$2$E)
     356                            .dwendtag $C$DW$16
     357                    
     358                            .dwattr $C$DW$15, DW_AT_TI_end_file("../startup_ccs.c")
     359                            .dwattr $C$DW$15, DW_AT_TI_end_line(0xe1)
     360                            .dwattr $C$DW$15, DW_AT_TI_end_column(0x01)
     361                            .dwendentry
     362                            .dwendtag $C$DW$15
     363                    
     364                    ;*****************************************************************************
     365                    ;* UNDEFINED EXTERNAL REFERENCES                                             *
     366                    ;*****************************************************************************
     367                            .global xPortPendSVHandler
     368                            .global vPortSVCHandler
     369                            .global xPortSysTickHandler
     370                            .global Timer_0_A_ISR
     371                    
     372                    ;******************************************************************************
     373                    ;* BUILD ATTRIBUTES                                                           *
     374                    ;******************************************************************************
     375                            .battr "aeabi", Tag_File, 1, Tag_ABI_PCS_wchar_t(2)
     376                            .battr "aeabi", Tag_File, 1, Tag_ABI_FP_rounding(0)
     377                            .battr "aeabi", Tag_File, 1, Tag_ABI_FP_denormal(0)
     378                            .battr "aeabi", Tag_File, 1, Tag_ABI_FP_exceptions(0)
     379                            .battr "aeabi", Tag_File, 1, Tag_ABI_FP_number_model(1)
     380                            .battr "aeabi", Tag_File, 1, Tag_ABI_enum_size(0)
     381                            .battr "aeabi", Tag_File, 1, Tag_ABI_optimization_goals(5)
     382                            .battr "aeabi", Tag_File, 1, Tag_ABI_FP_optimization_goals(0)
     383                            .battr "TI", Tag_File, 1, Tag_Bitfield_layout(2)
     384                            .battr "TI", Tag_File, 1, Tag_FP_interface(1)
     385                    
TI ARM Assembler PC v5.0.4 Mon Apr 28 12:17:00 2014

Tools Copyright (c) 1996-2013 Texas Instruments Incorporated
startup_ccs.asm                                                      PAGE    8

     386                    ;******************************************************************************
     387                    ;* TYPE INFORMATION                                                           *
     388                    ;******************************************************************************
     389                    $C$DW$T$2       .dwtag  DW_TAG_unspecified_type
     390                            .dwattr $C$DW$T$2, DW_AT_name("void")
     391                    
     392                    $C$DW$T$19      .dwtag  DW_TAG_subroutine_type
     393                            .dwattr $C$DW$T$19, DW_AT_language(DW_LANG_C)
     394                    $C$DW$T$20      .dwtag  DW_TAG_pointer_type
     395                            .dwattr $C$DW$T$20, DW_AT_type(*$C$DW$T$19)
     396                            .dwattr $C$DW$T$20, DW_AT_address_class(0x20)
     397                    $C$DW$T$21      .dwtag  DW_TAG_const_type
     398                            .dwattr $C$DW$T$21, DW_AT_type(*$C$DW$T$20)
     399                    
     400                    $C$DW$T$22      .dwtag  DW_TAG_array_type
     401                            .dwattr $C$DW$T$22, DW_AT_type(*$C$DW$T$21)
     402                            .dwattr $C$DW$T$22, DW_AT_language(DW_LANG_C)
     403                            .dwattr $C$DW$T$22, DW_AT_byte_size(0xf0)
     404                    $C$DW$18        .dwtag  DW_TAG_subrange_type
     405                            .dwattr $C$DW$18, DW_AT_upper_bound(0x3b)
     406                            .dwendtag $C$DW$T$22
     407                    
     408                    $C$DW$T$4       .dwtag  DW_TAG_base_type
     409                            .dwattr $C$DW$T$4, DW_AT_encoding(DW_ATE_boolean)
     410                            .dwattr $C$DW$T$4, DW_AT_name("bool")
     411                            .dwattr $C$DW$T$4, DW_AT_byte_size(0x01)
     412                    $C$DW$T$5       .dwtag  DW_TAG_base_type
     413                            .dwattr $C$DW$T$5, DW_AT_encoding(DW_ATE_signed_char)
     414                            .dwattr $C$DW$T$5, DW_AT_name("signed char")
     415                            .dwattr $C$DW$T$5, DW_AT_byte_size(0x01)
     416                    $C$DW$T$6       .dwtag  DW_TAG_base_type
     417                            .dwattr $C$DW$T$6, DW_AT_encoding(DW_ATE_unsigned_char)
     418                            .dwattr $C$DW$T$6, DW_AT_name("unsigned char")
     419                            .dwattr $C$DW$T$6, DW_AT_byte_size(0x01)
     420                    $C$DW$T$7       .dwtag  DW_TAG_base_type
     421                            .dwattr $C$DW$T$7, DW_AT_encoding(DW_ATE_signed_char)
     422                            .dwattr $C$DW$T$7, DW_AT_name("wchar_t")
     423                            .dwattr $C$DW$T$7, DW_AT_byte_size(0x02)
     424                    $C$DW$T$8       .dwtag  DW_TAG_base_type
     425                            .dwattr $C$DW$T$8, DW_AT_encoding(DW_ATE_signed)
     426                            .dwattr $C$DW$T$8, DW_AT_name("short")
     427                            .dwattr $C$DW$T$8, DW_AT_byte_size(0x02)
     428                    $C$DW$T$9       .dwtag  DW_TAG_base_type
     429                            .dwattr $C$DW$T$9, DW_AT_encoding(DW_ATE_unsigned)
     430                            .dwattr $C$DW$T$9, DW_AT_name("unsigned short")
     431                            .dwattr $C$DW$T$9, DW_AT_byte_size(0x02)
     432                    $C$DW$T$10      .dwtag  DW_TAG_base_type
     433                            .dwattr $C$DW$T$10, DW_AT_encoding(DW_ATE_signed)
     434                            .dwattr $C$DW$T$10, DW_AT_name("int")
     435                            .dwattr $C$DW$T$10, DW_AT_byte_size(0x04)
     436                    $C$DW$T$11      .dwtag  DW_TAG_base_type
     437                            .dwattr $C$DW$T$11, DW_AT_encoding(DW_ATE_unsigned)
     438                            .dwattr $C$DW$T$11, DW_AT_name("unsigned int")
     439                            .dwattr $C$DW$T$11, DW_AT_byte_size(0x04)
     440                    $C$DW$T$12      .dwtag  DW_TAG_base_type
TI ARM Assembler PC v5.0.4 Mon Apr 28 12:17:00 2014

Tools Copyright (c) 1996-2013 Texas Instruments Incorporated
startup_ccs.asm                                                      PAGE    9

     441                            .dwattr $C$DW$T$12, DW_AT_encoding(DW_ATE_signed)
     442                            .dwattr $C$DW$T$12, DW_AT_name("long")
     443                            .dwattr $C$DW$T$12, DW_AT_byte_size(0x04)
     444                    $C$DW$T$13      .dwtag  DW_TAG_base_type
     445                            .dwattr $C$DW$T$13, DW_AT_encoding(DW_ATE_unsigned)
     446                            .dwattr $C$DW$T$13, DW_AT_name("unsigned long")
     447                            .dwattr $C$DW$T$13, DW_AT_byte_size(0x04)
     448                    
     449                    $C$DW$T$25      .dwtag  DW_TAG_array_type
     450                            .dwattr $C$DW$T$25, DW_AT_type(*$C$DW$T$13)
     451                            .dwattr $C$DW$T$25, DW_AT_language(DW_LANG_C)
     452                            .dwattr $C$DW$T$25, DW_AT_byte_size(0x100)
     453                    $C$DW$19        .dwtag  DW_TAG_subrange_type
     454                            .dwattr $C$DW$19, DW_AT_upper_bound(0x3f)
     455                            .dwendtag $C$DW$T$25
     456                    
     457                    $C$DW$T$14      .dwtag  DW_TAG_base_type
     458                            .dwattr $C$DW$T$14, DW_AT_encoding(DW_ATE_signed)
     459                            .dwattr $C$DW$T$14, DW_AT_name("long long")
     460                            .dwattr $C$DW$T$14, DW_AT_byte_size(0x08)
     461                    $C$DW$T$15      .dwtag  DW_TAG_base_type
     462                            .dwattr $C$DW$T$15, DW_AT_encoding(DW_ATE_unsigned)
     463                            .dwattr $C$DW$T$15, DW_AT_name("unsigned long long")
     464                            .dwattr $C$DW$T$15, DW_AT_byte_size(0x08)
     465                    $C$DW$T$16      .dwtag  DW_TAG_base_type
     466                            .dwattr $C$DW$T$16, DW_AT_encoding(DW_ATE_float)
     467                            .dwattr $C$DW$T$16, DW_AT_name("float")
     468                            .dwattr $C$DW$T$16, DW_AT_byte_size(0x04)
     469                    $C$DW$T$17      .dwtag  DW_TAG_base_type
     470                            .dwattr $C$DW$T$17, DW_AT_encoding(DW_ATE_float)
     471                            .dwattr $C$DW$T$17, DW_AT_name("double")
     472                            .dwattr $C$DW$T$17, DW_AT_byte_size(0x08)
     473                    $C$DW$T$18      .dwtag  DW_TAG_base_type
     474                            .dwattr $C$DW$T$18, DW_AT_encoding(DW_ATE_float)
     475                            .dwattr $C$DW$T$18, DW_AT_name("long double")
     476                            .dwattr $C$DW$T$18, DW_AT_byte_size(0x08)
     477                            .dwattr $C$DW$CU, DW_AT_language(DW_LANG_C)
     478                    
     479                    ;***************************************************************
     480                    ;* DWARF CIE ENTRIES                                           *
     481                    ;***************************************************************
     482                    
     483                    $C$DW$CIE       .dwcie 14
     484                            .dwcfi  cfa_register, 13
     485                            .dwcfi  cfa_offset, 0
     486                            .dwcfi  undefined, 0
     487                            .dwcfi  undefined, 1
     488                            .dwcfi  undefined, 2
     489                            .dwcfi  undefined, 3
     490                            .dwcfi  same_value, 4
     491                            .dwcfi  same_value, 5
     492                            .dwcfi  same_value, 6
     493                            .dwcfi  same_value, 7
     494                            .dwcfi  same_value, 8
     495                            .dwcfi  same_value, 9
TI ARM Assembler PC v5.0.4 Mon Apr 28 12:17:00 2014

Tools Copyright (c) 1996-2013 Texas Instruments Incorporated
startup_ccs.asm                                                      PAGE   10

     496                            .dwcfi  same_value, 10
     497                            .dwcfi  same_value, 11
     498                            .dwcfi  undefined, 12
     499                            .dwcfi  undefined, 13
     500                            .dwcfi  undefined, 14
     501                            .dwcfi  undefined, 14
     502                            .dwcfi  undefined, 7
     503                            .dwendentry
     504                            .dwendtag $C$DW$CU
     505                    

--------------------------
Thumb2 Statistics
--------------------------
Number of Thumb2 ins converted to Thumb = 0 (0%)
Number of Thumb ins in input = 4 (80%)
Number of Thumb2 ins encoded as Thumb2 = 1 (100%)
Number of Thumb2 ins converted to 2 OPND Thumb = 0


No Assembly Errors, No Assembly Warnings
