TI ARM Assembler PC v5.0.4 Mon Apr 28 11:29:07 2014

Tools Copyright (c) 1996-2013 Texas Instruments Incorporated
list.asm                                                             PAGE    1

       1                    ;******************************************************************************
       2                    ;* TI ARM C/C++ Codegen                                             PC v5.0.4 *
       3                    ;* Date/Time created: Mon Apr 28 11:29:07 2014                                *
       4                    ;******************************************************************************
       5                            .compiler_opts --abi=eabi --arm_vmrs_si_workaround=on --code_state=16 --disable_dual_state --e
       6 00000000                   .thumb
       7                    
       8                    $C$DW$CU        .dwtag  DW_TAG_compile_unit
       9                            .dwattr $C$DW$CU, DW_AT_name("../Source/list.c")
      10                            .dwattr $C$DW$CU, DW_AT_producer("TI TI ARM C/C++ Codegen PC v5.0.4 Copyright (c) 1996-2013 Te
      11                            .dwattr $C$DW$CU, DW_AT_TI_version(0x01)
      12                            .dwattr $C$DW$CU, DW_AT_comp_dir("H:\EECS_388\TI_ARM_Project\FreeRTOS_IntTimer\Debug")
      13                    ;       C:\TI_CodeComposer\ccsv5\tools\compiler\arm_5.0.4\bin\armacpia.exe -@C:\\Users\\llammers\\AppD
      14 00000000                   .sect   ".text"
      15                            .clink
      16                            .thumbfunc vListInitialise
      17 00000000                   .thumb
      18                            .global vListInitialise
      19                    
      20                    $C$DW$1 .dwtag  DW_TAG_subprogram, DW_AT_name("vListInitialise")
      21                            .dwattr $C$DW$1, DW_AT_low_pc(vListInitialise)
      22                            .dwattr $C$DW$1, DW_AT_high_pc(0x00)
      23                            .dwattr $C$DW$1, DW_AT_TI_symbol_name("vListInitialise")
      24                            .dwattr $C$DW$1, DW_AT_external
      25                            .dwattr $C$DW$1, DW_AT_TI_begin_file("../Source/list.c")
      26                            .dwattr $C$DW$1, DW_AT_TI_begin_line(0x54)
      27                            .dwattr $C$DW$1, DW_AT_TI_begin_column(0x06)
      28                            .dwattr $C$DW$1, DW_AT_decl_file("../Source/list.c")
      29                            .dwattr $C$DW$1, DW_AT_decl_line(0x54)
      30                            .dwattr $C$DW$1, DW_AT_decl_column(0x06)
      31                            .dwattr $C$DW$1, DW_AT_TI_max_frame_size(0x08)
      32                            .dwpsn  file "../Source/list.c",line 85,column 1,is_stmt,address vListInitialise,isa 1
      33                    
      34                            .dwfde $C$DW$CIE, vListInitialise
      35                    $C$DW$2 .dwtag  DW_TAG_formal_parameter, DW_AT_name("pxList")
      36                            .dwattr $C$DW$2, DW_AT_TI_symbol_name("pxList")
      37                            .dwattr $C$DW$2, DW_AT_type(*$C$DW$T$38)
      38                            .dwattr $C$DW$2, DW_AT_location[DW_OP_reg0]
      39                    
      40                    ;*****************************************************************************
      41                    ;* FUNCTION NAME: vListInitialise                                            *
      42                    ;*                                                                           *
      43                    ;*   Regs Modified     : A1,A2,SP,SR                                         *
      44                    ;*   Regs Used         : A1,A2,SP,LR,SR                                      *
      45                    ;*   Local Frame Size  : 0 Args + 4 Auto + 0 Save = 4 byte                   *
      46                    ;*****************************************************************************
      47 00000000           vListInitialise:
      48                    ;* --------------------------------------------------------------------------*
      49                            .dwcfi  cfa_offset, 0
      50 00000000 0D08F1AD          SUB       SP, SP, #8            ; [DPU_3_PIPE]  ; [KEEP 32-BIT INS]
      51                            .dwcfi  cfa_offset, 8
      52                    $C$DW$3 .dwtag  DW_TAG_variable, DW_AT_name("pxList")
      53                            .dwattr $C$DW$3, DW_AT_TI_symbol_name("pxList")
      54                            .dwattr $C$DW$3, DW_AT_type(*$C$DW$T$38)
      55                            .dwattr $C$DW$3, DW_AT_location[DW_OP_breg13 0]
TI ARM Assembler PC v5.0.4 Mon Apr 28 11:29:07 2014

Tools Copyright (c) 1996-2013 Texas Instruments Incorporated
list.asm                                                             PAGE    2

      56 00000004 9000              STR       A1, [SP, #0]          ; [DPU_3_PIPE] |85|  ; [ORIG 16-BIT INS]
      57                            .dwpsn  file "../Source/list.c",line 89,column 2,is_stmt,isa 1
      58 00000006 9800              LDR       A1, [SP, #0]          ; [DPU_3_PIPE] |89|  ; [ORIG 16-BIT INS]
      59 00000008 9900              LDR       A2, [SP, #0]          ; [DPU_3_PIPE] |89|  ; [ORIG 16-BIT INS]
      60 0000000a 3008              ADDS      A1, A1, #8            ; [DPU_3_PIPE] |89|  ; [ORIG 16-BIT INS]
      61 0000000c 6048              STR       A1, [A2, #4]          ; [DPU_3_PIPE] |89|  ; [ORIG 16-BIT INS]
      62                            .dwpsn  file "../Source/list.c",line 93,column 2,is_stmt,isa 1
      63 0000000e 9800              LDR       A1, [SP, #0]          ; [DPU_3_PIPE] |93|  ; [ORIG 16-BIT INS]
      64 00000010 31FFF04F          MOV       A2, #-1               ; [DPU_3_PIPE] |93|  ; [KEEP 32-BIT INS]
      65 00000014 6081              STR       A2, [A1, #8]          ; [DPU_3_PIPE] |93|  ; [ORIG 16-BIT INS]
      66                            .dwpsn  file "../Source/list.c",line 97,column 2,is_stmt,isa 1
      67 00000016 9800              LDR       A1, [SP, #0]          ; [DPU_3_PIPE] |97|  ; [ORIG 16-BIT INS]
      68 00000018 9900              LDR       A2, [SP, #0]          ; [DPU_3_PIPE] |97|  ; [ORIG 16-BIT INS]
      69 0000001a 3008              ADDS      A1, A1, #8            ; [DPU_3_PIPE] |97|  ; [ORIG 16-BIT INS]
      70 0000001c 60C8              STR       A1, [A2, #12]         ; [DPU_3_PIPE] |97|  ; [ORIG 16-BIT INS]
      71                            .dwpsn  file "../Source/list.c",line 98,column 2,is_stmt,isa 1
      72 0000001e 9800              LDR       A1, [SP, #0]          ; [DPU_3_PIPE] |98|  ; [ORIG 16-BIT INS]
      73 00000020 9900              LDR       A2, [SP, #0]          ; [DPU_3_PIPE] |98|  ; [ORIG 16-BIT INS]
      74 00000022 3008              ADDS      A1, A1, #8            ; [DPU_3_PIPE] |98|  ; [ORIG 16-BIT INS]
      75 00000024 6108              STR       A1, [A2, #16]         ; [DPU_3_PIPE] |98|  ; [ORIG 16-BIT INS]
      76                            .dwpsn  file "../Source/list.c",line 100,column 2,is_stmt,isa 1
      77 00000026 9800              LDR       A1, [SP, #0]          ; [DPU_3_PIPE] |100|  ; [ORIG 16-BIT INS]
      78 00000028 2100              MOVS      A2, #0                ; [DPU_3_PIPE] |100|  ; [ORIG 16-BIT INS]
      79 0000002a 6001              STR       A2, [A1, #0]          ; [DPU_3_PIPE] |100|  ; [ORIG 16-BIT INS]
      80                            .dwpsn  file "../Source/list.c",line 101,column 1,is_stmt,isa 1
      81 0000002c B002              ADD       SP, SP, #8            ; [DPU_3_PIPE]  ; [ORIG 16-BIT INS]
      82                            .dwcfi  cfa_offset, 0
      83                    $C$DW$4 .dwtag  DW_TAG_TI_branch
      84                            .dwattr $C$DW$4, DW_AT_low_pc(0x00)
      85                            .dwattr $C$DW$4, DW_AT_TI_return
      86 0000002e 4770              BX        LR                    ; [DPU_3_PIPE]  ; [ORIG 16-BIT INS]
      87                            ; BRANCH OCCURS                  ; [] 
      88                            .dwattr $C$DW$1, DW_AT_TI_end_file("../Source/list.c")
      89                            .dwattr $C$DW$1, DW_AT_TI_end_line(0x65)
      90                            .dwattr $C$DW$1, DW_AT_TI_end_column(0x01)
      91                            .dwendentry
      92                            .dwendtag $C$DW$1
      93                    
      94 00000030                   .sect   ".text"
      95                            .clink
      96                            .thumbfunc vListInitialiseItem
      97 00000030                   .thumb
      98                            .global vListInitialiseItem
      99                    
     100                    $C$DW$5 .dwtag  DW_TAG_subprogram, DW_AT_name("vListInitialiseItem")
     101                            .dwattr $C$DW$5, DW_AT_low_pc(vListInitialiseItem)
     102                            .dwattr $C$DW$5, DW_AT_high_pc(0x00)
     103                            .dwattr $C$DW$5, DW_AT_TI_symbol_name("vListInitialiseItem")
     104                            .dwattr $C$DW$5, DW_AT_external
     105                            .dwattr $C$DW$5, DW_AT_TI_begin_file("../Source/list.c")
     106                            .dwattr $C$DW$5, DW_AT_TI_begin_line(0x68)
     107                            .dwattr $C$DW$5, DW_AT_TI_begin_column(0x06)
     108                            .dwattr $C$DW$5, DW_AT_decl_file("../Source/list.c")
     109                            .dwattr $C$DW$5, DW_AT_decl_line(0x68)
     110                            .dwattr $C$DW$5, DW_AT_decl_column(0x06)
TI ARM Assembler PC v5.0.4 Mon Apr 28 11:29:07 2014

Tools Copyright (c) 1996-2013 Texas Instruments Incorporated
list.asm                                                             PAGE    3

     111                            .dwattr $C$DW$5, DW_AT_TI_max_frame_size(0x08)
     112                            .dwpsn  file "../Source/list.c",line 105,column 1,is_stmt,address vListInitialiseItem,isa 1
     113                    
     114                            .dwfde $C$DW$CIE, vListInitialiseItem
     115                    $C$DW$6 .dwtag  DW_TAG_formal_parameter, DW_AT_name("pxItem")
     116                            .dwattr $C$DW$6, DW_AT_TI_symbol_name("pxItem")
     117                            .dwattr $C$DW$6, DW_AT_type(*$C$DW$T$40)
     118                            .dwattr $C$DW$6, DW_AT_location[DW_OP_reg0]
     119                    
     120                    ;*****************************************************************************
     121                    ;* FUNCTION NAME: vListInitialiseItem                                        *
     122                    ;*                                                                           *
     123                    ;*   Regs Modified     : A1,A2,SP,SR                                         *
     124                    ;*   Regs Used         : A1,A2,SP,LR,SR                                      *
     125                    ;*   Local Frame Size  : 0 Args + 4 Auto + 0 Save = 4 byte                   *
     126                    ;*****************************************************************************
     127 00000030           vListInitialiseItem:
     128                    ;* --------------------------------------------------------------------------*
     129                            .dwcfi  cfa_offset, 0
     130 00000030 0D08F1AD          SUB       SP, SP, #8            ; [DPU_3_PIPE]  ; [KEEP 32-BIT INS]
     131                            .dwcfi  cfa_offset, 8
     132                    $C$DW$7 .dwtag  DW_TAG_variable, DW_AT_name("pxItem")
     133                            .dwattr $C$DW$7, DW_AT_TI_symbol_name("pxItem")
     134                            .dwattr $C$DW$7, DW_AT_type(*$C$DW$T$40)
     135                            .dwattr $C$DW$7, DW_AT_location[DW_OP_breg13 0]
     136 00000034 9000              STR       A1, [SP, #0]          ; [DPU_3_PIPE] |105|  ; [ORIG 16-BIT INS]
     137                            .dwpsn  file "../Source/list.c",line 107,column 2,is_stmt,isa 1
     138 00000036 9800              LDR       A1, [SP, #0]          ; [DPU_3_PIPE] |107|  ; [ORIG 16-BIT INS]
     139 00000038 2100              MOVS      A2, #0                ; [DPU_3_PIPE] |107|  ; [ORIG 16-BIT INS]
     140 0000003a 6101              STR       A2, [A1, #16]         ; [DPU_3_PIPE] |107|  ; [ORIG 16-BIT INS]
     141                            .dwpsn  file "../Source/list.c",line 108,column 1,is_stmt,isa 1
     142 0000003c B002              ADD       SP, SP, #8            ; [DPU_3_PIPE]  ; [ORIG 16-BIT INS]
     143                            .dwcfi  cfa_offset, 0
     144                    $C$DW$8 .dwtag  DW_TAG_TI_branch
     145                            .dwattr $C$DW$8, DW_AT_low_pc(0x00)
     146                            .dwattr $C$DW$8, DW_AT_TI_return
     147 0000003e 4770              BX        LR                    ; [DPU_3_PIPE]  ; [ORIG 16-BIT INS]
     148                            ; BRANCH OCCURS                  ; [] 
     149                            .dwattr $C$DW$5, DW_AT_TI_end_file("../Source/list.c")
     150                            .dwattr $C$DW$5, DW_AT_TI_end_line(0x6c)
     151                            .dwattr $C$DW$5, DW_AT_TI_end_column(0x01)
     152                            .dwendentry
     153                            .dwendtag $C$DW$5
     154                    
     155 00000040                   .sect   ".text"
     156                            .clink
     157                            .thumbfunc vListInsertEnd
     158 00000040                   .thumb
     159                            .global vListInsertEnd
     160                    
     161                    $C$DW$9 .dwtag  DW_TAG_subprogram, DW_AT_name("vListInsertEnd")
     162                            .dwattr $C$DW$9, DW_AT_low_pc(vListInsertEnd)
     163                            .dwattr $C$DW$9, DW_AT_high_pc(0x00)
     164                            .dwattr $C$DW$9, DW_AT_TI_symbol_name("vListInsertEnd")
     165                            .dwattr $C$DW$9, DW_AT_external
TI ARM Assembler PC v5.0.4 Mon Apr 28 11:29:07 2014

Tools Copyright (c) 1996-2013 Texas Instruments Incorporated
list.asm                                                             PAGE    4

     166                            .dwattr $C$DW$9, DW_AT_TI_begin_file("../Source/list.c")
     167                            .dwattr $C$DW$9, DW_AT_TI_begin_line(0x6f)
     168                            .dwattr $C$DW$9, DW_AT_TI_begin_column(0x06)
     169                            .dwattr $C$DW$9, DW_AT_decl_file("../Source/list.c")
     170                            .dwattr $C$DW$9, DW_AT_decl_line(0x6f)
     171                            .dwattr $C$DW$9, DW_AT_decl_column(0x06)
     172                            .dwattr $C$DW$9, DW_AT_TI_max_frame_size(0x10)
     173                            .dwpsn  file "../Source/list.c",line 112,column 1,is_stmt,address vListInsertEnd,isa 1
     174                    
     175                            .dwfde $C$DW$CIE, vListInsertEnd
     176                    $C$DW$10        .dwtag  DW_TAG_formal_parameter, DW_AT_name("pxList")
     177                            .dwattr $C$DW$10, DW_AT_TI_symbol_name("pxList")
     178                            .dwattr $C$DW$10, DW_AT_type(*$C$DW$T$38)
     179                            .dwattr $C$DW$10, DW_AT_location[DW_OP_reg0]
     180                    $C$DW$11        .dwtag  DW_TAG_formal_parameter, DW_AT_name("pxNewListItem")
     181                            .dwattr $C$DW$11, DW_AT_TI_symbol_name("pxNewListItem")
     182                            .dwattr $C$DW$11, DW_AT_type(*$C$DW$T$40)
     183                            .dwattr $C$DW$11, DW_AT_location[DW_OP_reg1]
     184                    
     185                    ;*****************************************************************************
     186                    ;* FUNCTION NAME: vListInsertEnd                                             *
     187                    ;*                                                                           *
     188                    ;*   Regs Modified     : A1,A2,SP,SR                                         *
     189                    ;*   Regs Used         : A1,A2,SP,LR,SR                                      *
     190                    ;*   Local Frame Size  : 0 Args + 12 Auto + 0 Save = 12 byte                 *
     191                    ;*****************************************************************************
     192 00000040           vListInsertEnd:
     193                    ;* --------------------------------------------------------------------------*
     194                            .dwcfi  cfa_offset, 0
     195 00000040 0D10F1AD          SUB       SP, SP, #16           ; [DPU_3_PIPE]  ; [KEEP 32-BIT INS]
     196                            .dwcfi  cfa_offset, 16
     197                    $C$DW$12        .dwtag  DW_TAG_variable, DW_AT_name("pxList")
     198                            .dwattr $C$DW$12, DW_AT_TI_symbol_name("pxList")
     199                            .dwattr $C$DW$12, DW_AT_type(*$C$DW$T$38)
     200                            .dwattr $C$DW$12, DW_AT_location[DW_OP_breg13 0]
     201                    $C$DW$13        .dwtag  DW_TAG_variable, DW_AT_name("pxNewListItem")
     202                            .dwattr $C$DW$13, DW_AT_TI_symbol_name("pxNewListItem")
     203                            .dwattr $C$DW$13, DW_AT_type(*$C$DW$T$40)
     204                            .dwattr $C$DW$13, DW_AT_location[DW_OP_breg13 4]
     205                    $C$DW$14        .dwtag  DW_TAG_variable, DW_AT_name("pxIndex")
     206                            .dwattr $C$DW$14, DW_AT_TI_symbol_name("pxIndex")
     207                            .dwattr $C$DW$14, DW_AT_type(*$C$DW$T$25)
     208                            .dwattr $C$DW$14, DW_AT_location[DW_OP_breg13 8]
     209 00000044 9101              STR       A2, [SP, #4]          ; [DPU_3_PIPE] |112|  ; [ORIG 16-BIT INS]
     210 00000046 9000              STR       A1, [SP, #0]          ; [DPU_3_PIPE] |112|  ; [ORIG 16-BIT INS]
     211                            .dwpsn  file "../Source/list.c",line 119,column 2,is_stmt,isa 1
     212 00000048 9800              LDR       A1, [SP, #0]          ; [DPU_3_PIPE] |119|  ; [ORIG 16-BIT INS]
     213 0000004a 6840              LDR       A1, [A1, #4]          ; [DPU_3_PIPE] |119|  ; [ORIG 16-BIT INS]
     214 0000004c 9002              STR       A1, [SP, #8]          ; [DPU_3_PIPE] |119|  ; [ORIG 16-BIT INS]
     215                            .dwpsn  file "../Source/list.c",line 121,column 2,is_stmt,isa 1
     216 0000004e 9802              LDR       A1, [SP, #8]          ; [DPU_3_PIPE] |121|  ; [ORIG 16-BIT INS]
     217 00000050 9901              LDR       A2, [SP, #4]          ; [DPU_3_PIPE] |121|  ; [ORIG 16-BIT INS]
     218 00000052 6840              LDR       A1, [A1, #4]          ; [DPU_3_PIPE] |121|  ; [ORIG 16-BIT INS]
     219 00000054 6048              STR       A1, [A2, #4]          ; [DPU_3_PIPE] |121|  ; [ORIG 16-BIT INS]
     220                            .dwpsn  file "../Source/list.c",line 122,column 2,is_stmt,isa 1
TI ARM Assembler PC v5.0.4 Mon Apr 28 11:29:07 2014

Tools Copyright (c) 1996-2013 Texas Instruments Incorporated
list.asm                                                             PAGE    5

     221 00000056 9800              LDR       A1, [SP, #0]          ; [DPU_3_PIPE] |122|  ; [ORIG 16-BIT INS]
     222 00000058 9901              LDR       A2, [SP, #4]          ; [DPU_3_PIPE] |122|  ; [ORIG 16-BIT INS]
     223 0000005a 6840              LDR       A1, [A1, #4]          ; [DPU_3_PIPE] |122|  ; [ORIG 16-BIT INS]
     224 0000005c 6088              STR       A1, [A2, #8]          ; [DPU_3_PIPE] |122|  ; [ORIG 16-BIT INS]
     225                            .dwpsn  file "../Source/list.c",line 123,column 2,is_stmt,isa 1
     226 0000005e 9902              LDR       A2, [SP, #8]          ; [DPU_3_PIPE] |123|  ; [ORIG 16-BIT INS]
     227 00000060 9801              LDR       A1, [SP, #4]          ; [DPU_3_PIPE] |123|  ; [ORIG 16-BIT INS]
     228 00000062 6849              LDR       A2, [A2, #4]          ; [DPU_3_PIPE] |123|  ; [ORIG 16-BIT INS]
     229 00000064 6088              STR       A1, [A2, #8]          ; [DPU_3_PIPE] |123|  ; [ORIG 16-BIT INS]
     230                            .dwpsn  file "../Source/list.c",line 124,column 2,is_stmt,isa 1
     231 00000066 9801              LDR       A1, [SP, #4]          ; [DPU_3_PIPE] |124|  ; [ORIG 16-BIT INS]
     232 00000068 9902              LDR       A2, [SP, #8]          ; [DPU_3_PIPE] |124|  ; [ORIG 16-BIT INS]
     233 0000006a 6048              STR       A1, [A2, #4]          ; [DPU_3_PIPE] |124|  ; [ORIG 16-BIT INS]
     234                            .dwpsn  file "../Source/list.c",line 125,column 2,is_stmt,isa 1
     235 0000006c 9801              LDR       A1, [SP, #4]          ; [DPU_3_PIPE] |125|  ; [ORIG 16-BIT INS]
     236 0000006e 9900              LDR       A2, [SP, #0]          ; [DPU_3_PIPE] |125|  ; [ORIG 16-BIT INS]
     237 00000070 6048              STR       A1, [A2, #4]          ; [DPU_3_PIPE] |125|  ; [ORIG 16-BIT INS]
     238                            .dwpsn  file "../Source/list.c",line 128,column 2,is_stmt,isa 1
     239 00000072 9800              LDR       A1, [SP, #0]          ; [DPU_3_PIPE] |128|  ; [ORIG 16-BIT INS]
     240 00000074 9901              LDR       A2, [SP, #4]          ; [DPU_3_PIPE] |128|  ; [ORIG 16-BIT INS]
     241 00000076 6108              STR       A1, [A2, #16]         ; [DPU_3_PIPE] |128|  ; [ORIG 16-BIT INS]
     242                            .dwpsn  file "../Source/list.c",line 130,column 2,is_stmt,isa 1
     243 00000078 9900              LDR       A2, [SP, #0]          ; [DPU_3_PIPE] |130|  ; [ORIG 16-BIT INS]
     244 0000007a 6808              LDR       A1, [A2, #0]          ; [DPU_3_PIPE] |130|  ; [ORIG 16-BIT INS]
     245 0000007c 1C40              ADDS      A1, A1, #1            ; [DPU_3_PIPE] |130|  ; [ORIG 16-BIT INS]
     246 0000007e 6008              STR       A1, [A2, #0]          ; [DPU_3_PIPE] |130|  ; [ORIG 16-BIT INS]
     247                            .dwpsn  file "../Source/list.c",line 131,column 1,is_stmt,isa 1
     248 00000080 B004              ADD       SP, SP, #16           ; [DPU_3_PIPE]  ; [ORIG 16-BIT INS]
     249                            .dwcfi  cfa_offset, 0
     250                    $C$DW$15        .dwtag  DW_TAG_TI_branch
     251                            .dwattr $C$DW$15, DW_AT_low_pc(0x00)
     252                            .dwattr $C$DW$15, DW_AT_TI_return
     253 00000082 4770              BX        LR                    ; [DPU_3_PIPE]  ; [ORIG 16-BIT INS]
     254                            ; BRANCH OCCURS                  ; [] 
     255                            .dwattr $C$DW$9, DW_AT_TI_end_file("../Source/list.c")
     256                            .dwattr $C$DW$9, DW_AT_TI_end_line(0x83)
     257                            .dwattr $C$DW$9, DW_AT_TI_end_column(0x01)
     258                            .dwendentry
     259                            .dwendtag $C$DW$9
     260                    
     261 00000084                   .sect   ".text"
     262                            .clink
     263                            .thumbfunc vListInsert
     264 00000084                   .thumb
     265                            .global vListInsert
     266                    
     267                    $C$DW$16        .dwtag  DW_TAG_subprogram, DW_AT_name("vListInsert")
     268                            .dwattr $C$DW$16, DW_AT_low_pc(vListInsert)
     269                            .dwattr $C$DW$16, DW_AT_high_pc(0x00)
     270                            .dwattr $C$DW$16, DW_AT_TI_symbol_name("vListInsert")
     271                            .dwattr $C$DW$16, DW_AT_external
     272                            .dwattr $C$DW$16, DW_AT_TI_begin_file("../Source/list.c")
     273                            .dwattr $C$DW$16, DW_AT_TI_begin_line(0x86)
     274                            .dwattr $C$DW$16, DW_AT_TI_begin_column(0x06)
     275                            .dwattr $C$DW$16, DW_AT_decl_file("../Source/list.c")
TI ARM Assembler PC v5.0.4 Mon Apr 28 11:29:07 2014

Tools Copyright (c) 1996-2013 Texas Instruments Incorporated
list.asm                                                             PAGE    6

     276                            .dwattr $C$DW$16, DW_AT_decl_line(0x86)
     277                            .dwattr $C$DW$16, DW_AT_decl_column(0x06)
     278                            .dwattr $C$DW$16, DW_AT_TI_max_frame_size(0x10)
     279                            .dwpsn  file "../Source/list.c",line 135,column 1,is_stmt,address vListInsert,isa 1
     280                    
     281                            .dwfde $C$DW$CIE, vListInsert
     282                    $C$DW$17        .dwtag  DW_TAG_formal_parameter, DW_AT_name("pxList")
     283                            .dwattr $C$DW$17, DW_AT_TI_symbol_name("pxList")
     284                            .dwattr $C$DW$17, DW_AT_type(*$C$DW$T$38)
     285                            .dwattr $C$DW$17, DW_AT_location[DW_OP_reg0]
     286                    $C$DW$18        .dwtag  DW_TAG_formal_parameter, DW_AT_name("pxNewListItem")
     287                            .dwattr $C$DW$18, DW_AT_TI_symbol_name("pxNewListItem")
     288                            .dwattr $C$DW$18, DW_AT_type(*$C$DW$T$40)
     289                            .dwattr $C$DW$18, DW_AT_location[DW_OP_reg1]
     290                    
     291                    ;*****************************************************************************
     292                    ;* FUNCTION NAME: vListInsert                                                *
     293                    ;*                                                                           *
     294                    ;*   Regs Modified     : A1,A2,SP,SR                                         *
     295                    ;*   Regs Used         : A1,A2,SP,LR,SR                                      *
     296                    ;*   Local Frame Size  : 0 Args + 16 Auto + 0 Save = 16 byte                 *
     297                    ;*****************************************************************************
     298 00000084           vListInsert:
     299                    ;* --------------------------------------------------------------------------*
     300                            .dwcfi  cfa_offset, 0
     301 00000084 0D10F1AD          SUB       SP, SP, #16           ; [DPU_3_PIPE]  ; [KEEP 32-BIT INS]
     302                            .dwcfi  cfa_offset, 16
     303                    $C$DW$19        .dwtag  DW_TAG_variable, DW_AT_name("pxList")
     304                            .dwattr $C$DW$19, DW_AT_TI_symbol_name("pxList")
     305                            .dwattr $C$DW$19, DW_AT_type(*$C$DW$T$38)
     306                            .dwattr $C$DW$19, DW_AT_location[DW_OP_breg13 0]
     307                    $C$DW$20        .dwtag  DW_TAG_variable, DW_AT_name("pxNewListItem")
     308                            .dwattr $C$DW$20, DW_AT_TI_symbol_name("pxNewListItem")
     309                            .dwattr $C$DW$20, DW_AT_type(*$C$DW$T$40)
     310                            .dwattr $C$DW$20, DW_AT_location[DW_OP_breg13 4]
     311                    $C$DW$21        .dwtag  DW_TAG_variable, DW_AT_name("pxIterator")
     312                            .dwattr $C$DW$21, DW_AT_TI_symbol_name("pxIterator")
     313                            .dwattr $C$DW$21, DW_AT_type(*$C$DW$T$25)
     314                            .dwattr $C$DW$21, DW_AT_location[DW_OP_breg13 8]
     315                    $C$DW$22        .dwtag  DW_TAG_variable, DW_AT_name("xValueOfInsertion")
     316                            .dwattr $C$DW$22, DW_AT_TI_symbol_name("xValueOfInsertion")
     317                            .dwattr $C$DW$22, DW_AT_type(*$C$DW$T$29)
     318                            .dwattr $C$DW$22, DW_AT_location[DW_OP_breg13 12]
     319 00000088 9101              STR       A2, [SP, #4]          ; [DPU_3_PIPE] |135|  ; [ORIG 16-BIT INS]
     320 0000008a 9000              STR       A1, [SP, #0]          ; [DPU_3_PIPE] |135|  ; [ORIG 16-BIT INS]
     321                            .dwpsn  file "../Source/list.c",line 140,column 2,is_stmt,isa 1
     322 0000008c 9801              LDR       A1, [SP, #4]          ; [DPU_3_PIPE] |140|  ; [ORIG 16-BIT INS]
     323 0000008e 6800              LDR       A1, [A1, #0]          ; [DPU_3_PIPE] |140|  ; [ORIG 16-BIT INS]
     324 00000090 9003              STR       A1, [SP, #12]         ; [DPU_3_PIPE] |140|  ; [ORIG 16-BIT INS]
     325                            .dwpsn  file "../Source/list.c",line 149,column 2,is_stmt,isa 1
     326 00000092 9803              LDR       A1, [SP, #12]         ; [DPU_3_PIPE] |149|  ; [ORIG 16-BIT INS]
     327 00000094 3FFFF1B0          CMP       A1, #-1               ; [DPU_3_PIPE] |149|  ; [KEEP 32-BIT INS]
     328 00000098 D103              BNE       ||$C$L1||             ; [DPU_3_PIPE] |149|  ; [ORIG 16-BIT INS]
     329                            ; BRANCHCC OCCURS {||$C$L1||}    ; [] |149| 
     330                    ;* --------------------------------------------------------------------------*
TI ARM Assembler PC v5.0.4 Mon Apr 28 11:29:07 2014

Tools Copyright (c) 1996-2013 Texas Instruments Incorporated
list.asm                                                             PAGE    7

     331                            .dwpsn  file "../Source/list.c",line 151,column 3,is_stmt,isa 1
     332 0000009a 9800              LDR       A1, [SP, #0]          ; [DPU_3_PIPE] |151|  ; [ORIG 16-BIT INS]
     333 0000009c 6900              LDR       A1, [A1, #16]         ; [DPU_3_PIPE] |151|  ; [ORIG 16-BIT INS]
     334 0000009e 9002              STR       A1, [SP, #8]          ; [DPU_3_PIPE] |151|  ; [ORIG 16-BIT INS]
     335                            .dwpsn  file "../Source/list.c",line 152,column 2,is_stmt,isa 1
     336 000000a0 E00C              B         ||$C$L4||             ; [DPU_3_PIPE] |152|  ; [ORIG 16-BIT INS]
     337                            ; BRANCH OCCURS {||$C$L4||}      ; [] |152| 
     338                    ;* --------------------------------------------------------------------------*
     339 000000a2           ||$C$L1||:    
     340                            .dwpsn  file "../Source/list.c",line 171,column 8,is_stmt,isa 1
     341 000000a2 9800              LDR       A1, [SP, #0]          ; [DPU_3_PIPE] |171|  ; [ORIG 16-BIT INS]
     342 000000a4 3008              ADDS      A1, A1, #8            ; [DPU_3_PIPE] |171|  ; [ORIG 16-BIT INS]
     343 000000a6 9002              STR       A1, [SP, #8]          ; [DPU_3_PIPE] |171|  ; [ORIG 16-BIT INS]
     344 000000a8 E002              B         ||$C$L3||             ; [DPU_3_PIPE] |171|  ; [ORIG 16-BIT INS]
     345                            ; BRANCH OCCURS {||$C$L3||}      ; [] |171| 
     346                    ;* --------------------------------------------------------------------------*
     347 000000aa           ||$C$L2||:    
     348 000000aa           $C$DW$L$vListInsert$4$B:
     349                            .dwpsn  file "../Source/list.c",line 171,column 113,is_stmt,isa 1
     350 000000aa 9802              LDR       A1, [SP, #8]          ; [DPU_3_PIPE] |171|  ; [ORIG 16-BIT INS]
     351 000000ac 6840              LDR       A1, [A1, #4]          ; [DPU_3_PIPE] |171|  ; [ORIG 16-BIT INS]
     352 000000ae 9002              STR       A1, [SP, #8]          ; [DPU_3_PIPE] |171|  ; [ORIG 16-BIT INS]
     353 000000b0           $C$DW$L$vListInsert$4$E:
     354                    ;* --------------------------------------------------------------------------*
     355                    ;*   BEGIN LOOP ||$C$L3||
     356                    ;* --------------------------------------------------------------------------*
     357 000000b0           ||$C$L3||:    
     358 000000b0           $C$DW$L$vListInsert$5$B:
     359                            .dwpsn  file "../Source/list.c",line 171,column 60,is_stmt,isa 1
     360 000000b0 9902              LDR       A2, [SP, #8]          ; [DPU_3_PIPE] |171|  ; [ORIG 16-BIT INS]
     361 000000b2 6849              LDR       A2, [A2, #4]          ; [DPU_3_PIPE] |171|  ; [ORIG 16-BIT INS]
     362 000000b4 9803              LDR       A1, [SP, #12]         ; [DPU_3_PIPE] |171|  ; [ORIG 16-BIT INS]
     363 000000b6 6809              LDR       A2, [A2, #0]          ; [DPU_3_PIPE] |171|  ; [ORIG 16-BIT INS]
     364 000000b8 4288              CMP       A1, A2                ; [DPU_3_PIPE] |171|  ; [ORIG 16-BIT INS]
     365 000000ba D2F6              BCS       ||$C$L2||             ; [DPU_3_PIPE] |171|  ; [ORIG 16-BIT INS]
     366                            ; BRANCHCC OCCURS {||$C$L2||}    ; [] |171| 
     367 000000bc           $C$DW$L$vListInsert$5$E:
     368                    ;* --------------------------------------------------------------------------*
     369 000000bc           ||$C$L4||:    
     370                            .dwpsn  file "../Source/list.c",line 178,column 2,is_stmt,isa 1
     371 000000bc 9802              LDR       A1, [SP, #8]          ; [DPU_3_PIPE] |178|  ; [ORIG 16-BIT INS]
     372 000000be 9901              LDR       A2, [SP, #4]          ; [DPU_3_PIPE] |178|  ; [ORIG 16-BIT INS]
     373 000000c0 6840              LDR       A1, [A1, #4]          ; [DPU_3_PIPE] |178|  ; [ORIG 16-BIT INS]
     374 000000c2 6048              STR       A1, [A2, #4]          ; [DPU_3_PIPE] |178|  ; [ORIG 16-BIT INS]
     375                            .dwpsn  file "../Source/list.c",line 179,column 2,is_stmt,isa 1
     376 000000c4 9901              LDR       A2, [SP, #4]          ; [DPU_3_PIPE] |179|  ; [ORIG 16-BIT INS]
     377 000000c6 9801              LDR       A1, [SP, #4]          ; [DPU_3_PIPE] |179|  ; [ORIG 16-BIT INS]
     378 000000c8 6849              LDR       A2, [A2, #4]          ; [DPU_3_PIPE] |179|  ; [ORIG 16-BIT INS]
     379 000000ca 6088              STR       A1, [A2, #8]          ; [DPU_3_PIPE] |179|  ; [ORIG 16-BIT INS]
     380                            .dwpsn  file "../Source/list.c",line 180,column 2,is_stmt,isa 1
     381 000000cc 9802              LDR       A1, [SP, #8]          ; [DPU_3_PIPE] |180|  ; [ORIG 16-BIT INS]
     382 000000ce 9901              LDR       A2, [SP, #4]          ; [DPU_3_PIPE] |180|  ; [ORIG 16-BIT INS]
     383 000000d0 6088              STR       A1, [A2, #8]          ; [DPU_3_PIPE] |180|  ; [ORIG 16-BIT INS]
     384                            .dwpsn  file "../Source/list.c",line 181,column 2,is_stmt,isa 1
     385 000000d2 9801              LDR       A1, [SP, #4]          ; [DPU_3_PIPE] |181|  ; [ORIG 16-BIT INS]
TI ARM Assembler PC v5.0.4 Mon Apr 28 11:29:07 2014

Tools Copyright (c) 1996-2013 Texas Instruments Incorporated
list.asm                                                             PAGE    8

     386 000000d4 9902              LDR       A2, [SP, #8]          ; [DPU_3_PIPE] |181|  ; [ORIG 16-BIT INS]
     387 000000d6 6048              STR       A1, [A2, #4]          ; [DPU_3_PIPE] |181|  ; [ORIG 16-BIT INS]
     388                            .dwpsn  file "../Source/list.c",line 185,column 2,is_stmt,isa 1
     389 000000d8 9800              LDR       A1, [SP, #0]          ; [DPU_3_PIPE] |185|  ; [ORIG 16-BIT INS]
     390 000000da 9901              LDR       A2, [SP, #4]          ; [DPU_3_PIPE] |185|  ; [ORIG 16-BIT INS]
     391 000000dc 6108              STR       A1, [A2, #16]         ; [DPU_3_PIPE] |185|  ; [ORIG 16-BIT INS]
     392                            .dwpsn  file "../Source/list.c",line 187,column 2,is_stmt,isa 1
     393 000000de 9900              LDR       A2, [SP, #0]          ; [DPU_3_PIPE] |187|  ; [ORIG 16-BIT INS]
     394 000000e0 6808              LDR       A1, [A2, #0]          ; [DPU_3_PIPE] |187|  ; [ORIG 16-BIT INS]
     395 000000e2 1C40              ADDS      A1, A1, #1            ; [DPU_3_PIPE] |187|  ; [ORIG 16-BIT INS]
     396 000000e4 6008              STR       A1, [A2, #0]          ; [DPU_3_PIPE] |187|  ; [ORIG 16-BIT INS]
     397                            .dwpsn  file "../Source/list.c",line 188,column 1,is_stmt,isa 1
     398 000000e6 B004              ADD       SP, SP, #16           ; [DPU_3_PIPE]  ; [ORIG 16-BIT INS]
     399                            .dwcfi  cfa_offset, 0
     400                    $C$DW$23        .dwtag  DW_TAG_TI_branch
     401                            .dwattr $C$DW$23, DW_AT_low_pc(0x00)
     402                            .dwattr $C$DW$23, DW_AT_TI_return
     403 000000e8 4770              BX        LR                    ; [DPU_3_PIPE]  ; [ORIG 16-BIT INS]
     404                            ; BRANCH OCCURS                  ; [] 
     405                    
     406                    $C$DW$24        .dwtag  DW_TAG_TI_loop
     407                            .dwattr $C$DW$24, DW_AT_name("H:\EECS_388\TI_ARM_Project\FreeRTOS_IntTimer\Debug\list.asm:$C$L
     408                            .dwattr $C$DW$24, DW_AT_TI_begin_file("../Source/list.c")
     409                            .dwattr $C$DW$24, DW_AT_TI_begin_line(0xab)
     410                            .dwattr $C$DW$24, DW_AT_TI_end_line(0xab)
     411                    $C$DW$25        .dwtag  DW_TAG_TI_loop_range
     412                            .dwattr $C$DW$25, DW_AT_low_pc($C$DW$L$vListInsert$5$B)
     413                            .dwattr $C$DW$25, DW_AT_high_pc($C$DW$L$vListInsert$5$E)
     414                    $C$DW$26        .dwtag  DW_TAG_TI_loop_range
     415                            .dwattr $C$DW$26, DW_AT_low_pc($C$DW$L$vListInsert$4$B)
     416                            .dwattr $C$DW$26, DW_AT_high_pc($C$DW$L$vListInsert$4$E)
     417                            .dwendtag $C$DW$24
     418                    
     419                            .dwattr $C$DW$16, DW_AT_TI_end_file("../Source/list.c")
     420                            .dwattr $C$DW$16, DW_AT_TI_end_line(0xbc)
     421                            .dwattr $C$DW$16, DW_AT_TI_end_column(0x01)
     422                            .dwendentry
     423                            .dwendtag $C$DW$16
     424                    
     425 000000ea                   .sect   ".text"
     426                            .clink
     427                            .thumbfunc uxListRemove
     428 000000ea                   .thumb
     429                            .global uxListRemove
     430                    
     431                    $C$DW$27        .dwtag  DW_TAG_subprogram, DW_AT_name("uxListRemove")
     432                            .dwattr $C$DW$27, DW_AT_low_pc(uxListRemove)
     433                            .dwattr $C$DW$27, DW_AT_high_pc(0x00)
     434                            .dwattr $C$DW$27, DW_AT_TI_symbol_name("uxListRemove")
     435                            .dwattr $C$DW$27, DW_AT_external
     436                            .dwattr $C$DW$27, DW_AT_type(*$C$DW$T$13)
     437                            .dwattr $C$DW$27, DW_AT_TI_begin_file("../Source/list.c")
     438                            .dwattr $C$DW$27, DW_AT_TI_begin_line(0xbf)
     439                            .dwattr $C$DW$27, DW_AT_TI_begin_column(0x18)
     440                            .dwattr $C$DW$27, DW_AT_decl_file("../Source/list.c")
TI ARM Assembler PC v5.0.4 Mon Apr 28 11:29:07 2014

Tools Copyright (c) 1996-2013 Texas Instruments Incorporated
list.asm                                                             PAGE    9

     441                            .dwattr $C$DW$27, DW_AT_decl_line(0xbf)
     442                            .dwattr $C$DW$27, DW_AT_decl_column(0x18)
     443                            .dwattr $C$DW$27, DW_AT_TI_max_frame_size(0x08)
     444                            .dwpsn  file "../Source/list.c",line 192,column 1,is_stmt,address uxListRemove,isa 1
     445                    
     446                            .dwfde $C$DW$CIE, uxListRemove
     447                    $C$DW$28        .dwtag  DW_TAG_formal_parameter, DW_AT_name("pxItemToRemove")
     448                            .dwattr $C$DW$28, DW_AT_TI_symbol_name("pxItemToRemove")
     449                            .dwattr $C$DW$28, DW_AT_type(*$C$DW$T$40)
     450                            .dwattr $C$DW$28, DW_AT_location[DW_OP_reg0]
     451                    
     452                    ;*****************************************************************************
     453                    ;* FUNCTION NAME: uxListRemove                                               *
     454                    ;*                                                                           *
     455                    ;*   Regs Modified     : A1,A2,SP,SR                                         *
     456                    ;*   Regs Used         : A1,A2,SP,LR,SR                                      *
     457                    ;*   Local Frame Size  : 0 Args + 8 Auto + 0 Save = 8 byte                   *
     458                    ;*****************************************************************************
     459 000000ea           uxListRemove:
     460                    ;* --------------------------------------------------------------------------*
     461                            .dwcfi  cfa_offset, 0
     462 000000ea 0D08F1AD          SUB       SP, SP, #8            ; [DPU_3_PIPE]  ; [KEEP 32-BIT INS]
     463                            .dwcfi  cfa_offset, 8
     464                    $C$DW$29        .dwtag  DW_TAG_variable, DW_AT_name("pxItemToRemove")
     465                            .dwattr $C$DW$29, DW_AT_TI_symbol_name("pxItemToRemove")
     466                            .dwattr $C$DW$29, DW_AT_type(*$C$DW$T$40)
     467                            .dwattr $C$DW$29, DW_AT_location[DW_OP_breg13 0]
     468                    $C$DW$30        .dwtag  DW_TAG_variable, DW_AT_name("pxList")
     469                            .dwattr $C$DW$30, DW_AT_TI_symbol_name("pxList")
     470                            .dwattr $C$DW$30, DW_AT_type(*$C$DW$T$38)
     471                            .dwattr $C$DW$30, DW_AT_location[DW_OP_breg13 4]
     472 000000ee 9000              STR       A1, [SP, #0]          ; [DPU_3_PIPE] |192|  ; [ORIG 16-BIT INS]
     473                            .dwpsn  file "../Source/list.c",line 195,column 2,is_stmt,isa 1
     474 000000f0 9900              LDR       A2, [SP, #0]          ; [DPU_3_PIPE] |195|  ; [ORIG 16-BIT INS]
     475 000000f2 9800              LDR       A1, [SP, #0]          ; [DPU_3_PIPE] |195|  ; [ORIG 16-BIT INS]
     476 000000f4 6849              LDR       A2, [A2, #4]          ; [DPU_3_PIPE] |195|  ; [ORIG 16-BIT INS]
     477 000000f6 6880              LDR       A1, [A1, #8]          ; [DPU_3_PIPE] |195|  ; [ORIG 16-BIT INS]
     478 000000f8 6088              STR       A1, [A2, #8]          ; [DPU_3_PIPE] |195|  ; [ORIG 16-BIT INS]
     479                            .dwpsn  file "../Source/list.c",line 196,column 2,is_stmt,isa 1
     480 000000fa 9800              LDR       A1, [SP, #0]          ; [DPU_3_PIPE] |196|  ; [ORIG 16-BIT INS]
     481 000000fc 9900              LDR       A2, [SP, #0]          ; [DPU_3_PIPE] |196|  ; [ORIG 16-BIT INS]
     482 000000fe 6840              LDR       A1, [A1, #4]          ; [DPU_3_PIPE] |196|  ; [ORIG 16-BIT INS]
     483 00000100 6889              LDR       A2, [A2, #8]          ; [DPU_3_PIPE] |196|  ; [ORIG 16-BIT INS]
     484 00000102 6048              STR       A1, [A2, #4]          ; [DPU_3_PIPE] |196|  ; [ORIG 16-BIT INS]
     485                            .dwpsn  file "../Source/list.c",line 200,column 2,is_stmt,isa 1
     486 00000104 9800              LDR       A1, [SP, #0]          ; [DPU_3_PIPE] |200|  ; [ORIG 16-BIT INS]
     487 00000106 6900              LDR       A1, [A1, #16]         ; [DPU_3_PIPE] |200|  ; [ORIG 16-BIT INS]
     488 00000108 9001              STR       A1, [SP, #4]          ; [DPU_3_PIPE] |200|  ; [ORIG 16-BIT INS]
     489                            .dwpsn  file "../Source/list.c",line 203,column 2,is_stmt,isa 1
     490 0000010a 9901              LDR       A2, [SP, #4]          ; [DPU_3_PIPE] |203|  ; [ORIG 16-BIT INS]
     491 0000010c 9800              LDR       A1, [SP, #0]          ; [DPU_3_PIPE] |203|  ; [ORIG 16-BIT INS]
     492 0000010e 6849              LDR       A2, [A2, #4]          ; [DPU_3_PIPE] |203|  ; [ORIG 16-BIT INS]
     493 00000110 4288              CMP       A1, A2                ; [DPU_3_PIPE] |203|  ; [ORIG 16-BIT INS]
     494 00000112 D103              BNE       ||$C$L5||             ; [DPU_3_PIPE] |203|  ; [ORIG 16-BIT INS]
     495                            ; BRANCHCC OCCURS {||$C$L5||}    ; [] |203| 
TI ARM Assembler PC v5.0.4 Mon Apr 28 11:29:07 2014

Tools Copyright (c) 1996-2013 Texas Instruments Incorporated
list.asm                                                             PAGE   10

     496                    ;* --------------------------------------------------------------------------*
     497                            .dwpsn  file "../Source/list.c",line 205,column 3,is_stmt,isa 1
     498 00000114 9800              LDR       A1, [SP, #0]          ; [DPU_3_PIPE] |205|  ; [ORIG 16-BIT INS]
     499 00000116 9901              LDR       A2, [SP, #4]          ; [DPU_3_PIPE] |205|  ; [ORIG 16-BIT INS]
     500 00000118 6880              LDR       A1, [A1, #8]          ; [DPU_3_PIPE] |205|  ; [ORIG 16-BIT INS]
     501 0000011a 6048              STR       A1, [A2, #4]          ; [DPU_3_PIPE] |205|  ; [ORIG 16-BIT INS]
     502                    ;* --------------------------------------------------------------------------*
     503 0000011c           ||$C$L5||:    
     504                            .dwpsn  file "../Source/list.c",line 208,column 2,is_stmt,isa 1
     505 0000011c 9800              LDR       A1, [SP, #0]          ; [DPU_3_PIPE] |208|  ; [ORIG 16-BIT INS]
     506 0000011e 2100              MOVS      A2, #0                ; [DPU_3_PIPE] |208|  ; [ORIG 16-BIT INS]
     507 00000120 6101              STR       A2, [A1, #16]         ; [DPU_3_PIPE] |208|  ; [ORIG 16-BIT INS]
     508                            .dwpsn  file "../Source/list.c",line 209,column 2,is_stmt,isa 1
     509 00000122 9901              LDR       A2, [SP, #4]          ; [DPU_3_PIPE] |209|  ; [ORIG 16-BIT INS]
     510 00000124 6808              LDR       A1, [A2, #0]          ; [DPU_3_PIPE] |209|  ; [ORIG 16-BIT INS]
     511 00000126 1E40              SUBS      A1, A1, #1            ; [DPU_3_PIPE] |209|  ; [ORIG 16-BIT INS]
     512 00000128 6008              STR       A1, [A2, #0]          ; [DPU_3_PIPE] |209|  ; [ORIG 16-BIT INS]
     513                            .dwpsn  file "../Source/list.c",line 211,column 2,is_stmt,isa 1
     514 0000012a 9801              LDR       A1, [SP, #4]          ; [DPU_3_PIPE] |211|  ; [ORIG 16-BIT INS]
     515 0000012c 6800              LDR       A1, [A1, #0]          ; [DPU_3_PIPE] |211|  ; [ORIG 16-BIT INS]
     516                            .dwpsn  file "../Source/list.c",line 212,column 1,is_stmt,isa 1
     517 0000012e B002              ADD       SP, SP, #8            ; [DPU_3_PIPE]  ; [ORIG 16-BIT INS]
     518                            .dwcfi  cfa_offset, 0
     519                    $C$DW$31        .dwtag  DW_TAG_TI_branch
     520                            .dwattr $C$DW$31, DW_AT_low_pc(0x00)
     521                            .dwattr $C$DW$31, DW_AT_TI_return
     522 00000130 4770              BX        LR                    ; [DPU_3_PIPE]  ; [ORIG 16-BIT INS]
     523                            ; BRANCH OCCURS                  ; [] 
     524                            .dwattr $C$DW$27, DW_AT_TI_end_file("../Source/list.c")
     525                            .dwattr $C$DW$27, DW_AT_TI_end_line(0xd4)
     526                            .dwattr $C$DW$27, DW_AT_TI_end_column(0x01)
     527                            .dwendentry
     528                            .dwendtag $C$DW$27
     529                    
     530                    
     531                    ;******************************************************************************
     532                    ;* BUILD ATTRIBUTES                                                           *
     533                    ;******************************************************************************
     534                            .battr "aeabi", Tag_File, 1, Tag_ABI_PCS_wchar_t(2)
     535                            .battr "aeabi", Tag_File, 1, Tag_ABI_FP_rounding(0)
     536                            .battr "aeabi", Tag_File, 1, Tag_ABI_FP_denormal(0)
     537                            .battr "aeabi", Tag_File, 1, Tag_ABI_FP_exceptions(0)
     538                            .battr "aeabi", Tag_File, 1, Tag_ABI_FP_number_model(1)
     539                            .battr "aeabi", Tag_File, 1, Tag_ABI_enum_size(0)
     540                            .battr "aeabi", Tag_File, 1, Tag_ABI_optimization_goals(5)
     541                            .battr "aeabi", Tag_File, 1, Tag_ABI_FP_optimization_goals(0)
     542                            .battr "TI", Tag_File, 1, Tag_Bitfield_layout(2)
     543                            .battr "TI", Tag_File, 1, Tag_FP_interface(1)
     544                    
     545                    ;******************************************************************************
     546                    ;* TYPE INFORMATION                                                           *
     547                    ;******************************************************************************
     548                    
     549                    $C$DW$T$19      .dwtag  DW_TAG_structure_type
     550                            .dwattr $C$DW$T$19, DW_AT_byte_size(0x08)
TI ARM Assembler PC v5.0.4 Mon Apr 28 11:29:07 2014

Tools Copyright (c) 1996-2013 Texas Instruments Incorporated
list.asm                                                             PAGE   11

     551                    $C$DW$32        .dwtag  DW_TAG_member
     552                            .dwattr $C$DW$32, DW_AT_type(*$C$DW$T$10)
     553                            .dwattr $C$DW$32, DW_AT_name("quot")
     554                            .dwattr $C$DW$32, DW_AT_TI_symbol_name("quot")
     555                            .dwattr $C$DW$32, DW_AT_data_member_location[DW_OP_plus_uconst 0x0]
     556                            .dwattr $C$DW$32, DW_AT_accessibility(DW_ACCESS_public)
     557                            .dwattr $C$DW$32, DW_AT_decl_file("C:/TI_CodeComposer/ccsv5/tools/compiler/arm_5.0.4/include/s
     558                            .dwattr $C$DW$32, DW_AT_decl_line(0x50)
     559                            .dwattr $C$DW$32, DW_AT_decl_column(0x16)
     560                    $C$DW$33        .dwtag  DW_TAG_member
     561                            .dwattr $C$DW$33, DW_AT_type(*$C$DW$T$10)
     562                            .dwattr $C$DW$33, DW_AT_name("rem")
     563                            .dwattr $C$DW$33, DW_AT_TI_symbol_name("rem")
     564                            .dwattr $C$DW$33, DW_AT_data_member_location[DW_OP_plus_uconst 0x4]
     565                            .dwattr $C$DW$33, DW_AT_accessibility(DW_ACCESS_public)
     566                            .dwattr $C$DW$33, DW_AT_decl_file("C:/TI_CodeComposer/ccsv5/tools/compiler/arm_5.0.4/include/s
     567                            .dwattr $C$DW$33, DW_AT_decl_line(0x50)
     568                            .dwattr $C$DW$33, DW_AT_decl_column(0x1c)
     569                            .dwendtag $C$DW$T$19
     570                    
     571                            .dwattr $C$DW$T$19, DW_AT_decl_file("C:/TI_CodeComposer/ccsv5/tools/compiler/arm_5.0.4/include
     572                            .dwattr $C$DW$T$19, DW_AT_decl_line(0x50)
     573                            .dwattr $C$DW$T$19, DW_AT_decl_column(0x10)
     574                    $C$DW$T$34      .dwtag  DW_TAG_typedef, DW_AT_name("div_t")
     575                            .dwattr $C$DW$T$34, DW_AT_type(*$C$DW$T$19)
     576                            .dwattr $C$DW$T$34, DW_AT_language(DW_LANG_C)
     577                            .dwattr $C$DW$T$34, DW_AT_decl_file("C:/TI_CodeComposer/ccsv5/tools/compiler/arm_5.0.4/include
     578                            .dwattr $C$DW$T$34, DW_AT_decl_line(0x50)
     579                            .dwattr $C$DW$T$34, DW_AT_decl_column(0x23)
     580                    
     581                    $C$DW$T$20      .dwtag  DW_TAG_structure_type
     582                            .dwattr $C$DW$T$20, DW_AT_byte_size(0x08)
     583                    $C$DW$34        .dwtag  DW_TAG_member
     584                            .dwattr $C$DW$34, DW_AT_type(*$C$DW$T$10)
     585                            .dwattr $C$DW$34, DW_AT_name("quot")
     586                            .dwattr $C$DW$34, DW_AT_TI_symbol_name("quot")
     587                            .dwattr $C$DW$34, DW_AT_data_member_location[DW_OP_plus_uconst 0x0]
     588                            .dwattr $C$DW$34, DW_AT_accessibility(DW_ACCESS_public)
     589                            .dwattr $C$DW$34, DW_AT_decl_file("C:/TI_CodeComposer/ccsv5/tools/compiler/arm_5.0.4/include/s
     590                            .dwattr $C$DW$34, DW_AT_decl_line(0x52)
     591                            .dwattr $C$DW$34, DW_AT_decl_column(0x16)
     592                    $C$DW$35        .dwtag  DW_TAG_member
     593                            .dwattr $C$DW$35, DW_AT_type(*$C$DW$T$10)
     594                            .dwattr $C$DW$35, DW_AT_name("rem")
     595                            .dwattr $C$DW$35, DW_AT_TI_symbol_name("rem")
     596                            .dwattr $C$DW$35, DW_AT_data_member_location[DW_OP_plus_uconst 0x4]
     597                            .dwattr $C$DW$35, DW_AT_accessibility(DW_ACCESS_public)
     598                            .dwattr $C$DW$35, DW_AT_decl_file("C:/TI_CodeComposer/ccsv5/tools/compiler/arm_5.0.4/include/s
     599                            .dwattr $C$DW$35, DW_AT_decl_line(0x52)
     600                            .dwattr $C$DW$35, DW_AT_decl_column(0x1c)
     601                            .dwendtag $C$DW$T$20
     602                    
     603                            .dwattr $C$DW$T$20, DW_AT_decl_file("C:/TI_CodeComposer/ccsv5/tools/compiler/arm_5.0.4/include
     604                            .dwattr $C$DW$T$20, DW_AT_decl_line(0x52)
     605                            .dwattr $C$DW$T$20, DW_AT_decl_column(0x10)
TI ARM Assembler PC v5.0.4 Mon Apr 28 11:29:07 2014

Tools Copyright (c) 1996-2013 Texas Instruments Incorporated
list.asm                                                             PAGE   12

     606                    $C$DW$T$35      .dwtag  DW_TAG_typedef, DW_AT_name("ldiv_t")
     607                            .dwattr $C$DW$T$35, DW_AT_type(*$C$DW$T$20)
     608                            .dwattr $C$DW$T$35, DW_AT_language(DW_LANG_C)
     609                            .dwattr $C$DW$T$35, DW_AT_decl_file("C:/TI_CodeComposer/ccsv5/tools/compiler/arm_5.0.4/include
     610                            .dwattr $C$DW$T$35, DW_AT_decl_line(0x52)
     611                            .dwattr $C$DW$T$35, DW_AT_decl_column(0x23)
     612                    
     613                    $C$DW$T$21      .dwtag  DW_TAG_structure_type
     614                            .dwattr $C$DW$T$21, DW_AT_byte_size(0x10)
     615                    $C$DW$36        .dwtag  DW_TAG_member
     616                            .dwattr $C$DW$36, DW_AT_type(*$C$DW$T$14)
     617                            .dwattr $C$DW$36, DW_AT_name("quot")
     618                            .dwattr $C$DW$36, DW_AT_TI_symbol_name("quot")
     619                            .dwattr $C$DW$36, DW_AT_data_member_location[DW_OP_plus_uconst 0x0]
     620                            .dwattr $C$DW$36, DW_AT_accessibility(DW_ACCESS_public)
     621                            .dwattr $C$DW$36, DW_AT_decl_file("C:/TI_CodeComposer/ccsv5/tools/compiler/arm_5.0.4/include/s
     622                            .dwattr $C$DW$36, DW_AT_decl_line(0x55)
     623                            .dwattr $C$DW$36, DW_AT_decl_column(0x1c)
     624                    $C$DW$37        .dwtag  DW_TAG_member
     625                            .dwattr $C$DW$37, DW_AT_type(*$C$DW$T$14)
     626                            .dwattr $C$DW$37, DW_AT_name("rem")
     627                            .dwattr $C$DW$37, DW_AT_TI_symbol_name("rem")
     628                            .dwattr $C$DW$37, DW_AT_data_member_location[DW_OP_plus_uconst 0x8]
     629                            .dwattr $C$DW$37, DW_AT_accessibility(DW_ACCESS_public)
     630                            .dwattr $C$DW$37, DW_AT_decl_file("C:/TI_CodeComposer/ccsv5/tools/compiler/arm_5.0.4/include/s
     631                            .dwattr $C$DW$37, DW_AT_decl_line(0x55)
     632                            .dwattr $C$DW$37, DW_AT_decl_column(0x22)
     633                            .dwendtag $C$DW$T$21
     634                    
     635                            .dwattr $C$DW$T$21, DW_AT_decl_file("C:/TI_CodeComposer/ccsv5/tools/compiler/arm_5.0.4/include
     636                            .dwattr $C$DW$T$21, DW_AT_decl_line(0x55)
     637                            .dwattr $C$DW$T$21, DW_AT_decl_column(0x10)
     638                    $C$DW$T$36      .dwtag  DW_TAG_typedef, DW_AT_name("lldiv_t")
     639                            .dwattr $C$DW$T$36, DW_AT_type(*$C$DW$T$21)
     640                            .dwattr $C$DW$T$36, DW_AT_language(DW_LANG_C)
     641                            .dwattr $C$DW$T$36, DW_AT_decl_file("C:/TI_CodeComposer/ccsv5/tools/compiler/arm_5.0.4/include
     642                            .dwattr $C$DW$T$36, DW_AT_decl_line(0x55)
     643                            .dwattr $C$DW$T$36, DW_AT_decl_column(0x29)
     644                    $C$DW$T$2       .dwtag  DW_TAG_unspecified_type
     645                            .dwattr $C$DW$T$2, DW_AT_name("void")
     646                    $C$DW$T$3       .dwtag  DW_TAG_pointer_type
     647                            .dwattr $C$DW$T$3, DW_AT_type(*$C$DW$T$2)
     648                            .dwattr $C$DW$T$3, DW_AT_address_class(0x20)
     649                    
     650                    $C$DW$T$43      .dwtag  DW_TAG_subroutine_type
     651                            .dwattr $C$DW$T$43, DW_AT_language(DW_LANG_C)
     652                    $C$DW$38        .dwtag  DW_TAG_formal_parameter
     653                            .dwattr $C$DW$38, DW_AT_type(*$C$DW$T$3)
     654                            .dwendtag $C$DW$T$43
     655                    
     656                    $C$DW$T$44      .dwtag  DW_TAG_pointer_type
     657                            .dwattr $C$DW$T$44, DW_AT_type(*$C$DW$T$43)
     658                            .dwattr $C$DW$T$44, DW_AT_address_class(0x20)
     659                    $C$DW$T$45      .dwtag  DW_TAG_typedef, DW_AT_name("pdTASK_CODE")
     660                            .dwattr $C$DW$T$45, DW_AT_type(*$C$DW$T$44)
TI ARM Assembler PC v5.0.4 Mon Apr 28 11:29:07 2014

Tools Copyright (c) 1996-2013 Texas Instruments Incorporated
list.asm                                                             PAGE   13

     661                            .dwattr $C$DW$T$45, DW_AT_language(DW_LANG_C)
     662                            .dwattr $C$DW$T$45, DW_AT_decl_file("H:\EECS_388\TI_ARM_Project\FreeRTOS_IntTimer\Source\inclu
     663                            .dwattr $C$DW$T$45, DW_AT_decl_line(0x4f)
     664                            .dwattr $C$DW$T$45, DW_AT_decl_column(0x10)
     665                    $C$DW$T$4       .dwtag  DW_TAG_base_type
     666                            .dwattr $C$DW$T$4, DW_AT_encoding(DW_ATE_boolean)
     667                            .dwattr $C$DW$T$4, DW_AT_name("bool")
     668                            .dwattr $C$DW$T$4, DW_AT_byte_size(0x01)
     669                    $C$DW$T$5       .dwtag  DW_TAG_base_type
     670                            .dwattr $C$DW$T$5, DW_AT_encoding(DW_ATE_signed_char)
     671                            .dwattr $C$DW$T$5, DW_AT_name("signed char")
     672                            .dwattr $C$DW$T$5, DW_AT_byte_size(0x01)
     673                    $C$DW$T$6       .dwtag  DW_TAG_base_type
     674                            .dwattr $C$DW$T$6, DW_AT_encoding(DW_ATE_unsigned_char)
     675                            .dwattr $C$DW$T$6, DW_AT_name("unsigned char")
     676                            .dwattr $C$DW$T$6, DW_AT_byte_size(0x01)
     677                    $C$DW$T$7       .dwtag  DW_TAG_base_type
     678                            .dwattr $C$DW$T$7, DW_AT_encoding(DW_ATE_signed_char)
     679                            .dwattr $C$DW$T$7, DW_AT_name("wchar_t")
     680                            .dwattr $C$DW$T$7, DW_AT_byte_size(0x02)
     681                    $C$DW$T$8       .dwtag  DW_TAG_base_type
     682                            .dwattr $C$DW$T$8, DW_AT_encoding(DW_ATE_signed)
     683                            .dwattr $C$DW$T$8, DW_AT_name("short")
     684                            .dwattr $C$DW$T$8, DW_AT_byte_size(0x02)
     685                    $C$DW$T$9       .dwtag  DW_TAG_base_type
     686                            .dwattr $C$DW$T$9, DW_AT_encoding(DW_ATE_unsigned)
     687                            .dwattr $C$DW$T$9, DW_AT_name("unsigned short")
     688                            .dwattr $C$DW$T$9, DW_AT_byte_size(0x02)
     689                    $C$DW$T$46      .dwtag  DW_TAG_typedef, DW_AT_name("wchar_t")
     690                            .dwattr $C$DW$T$46, DW_AT_type(*$C$DW$T$9)
     691                            .dwattr $C$DW$T$46, DW_AT_language(DW_LANG_C)
     692                            .dwattr $C$DW$T$46, DW_AT_decl_file("C:/TI_CodeComposer/ccsv5/tools/compiler/arm_5.0.4/include
     693                            .dwattr $C$DW$T$46, DW_AT_decl_line(0x6a)
     694                            .dwattr $C$DW$T$46, DW_AT_decl_column(0x1a)
     695                    $C$DW$T$10      .dwtag  DW_TAG_base_type
     696                            .dwattr $C$DW$T$10, DW_AT_encoding(DW_ATE_signed)
     697                            .dwattr $C$DW$T$10, DW_AT_name("int")
     698                            .dwattr $C$DW$T$10, DW_AT_byte_size(0x04)
     699                    $C$DW$T$47      .dwtag  DW_TAG_typedef, DW_AT_name("ptrdiff_t")
     700                            .dwattr $C$DW$T$47, DW_AT_type(*$C$DW$T$10)
     701                            .dwattr $C$DW$T$47, DW_AT_language(DW_LANG_C)
     702                            .dwattr $C$DW$T$47, DW_AT_decl_file("C:/TI_CodeComposer/ccsv5/tools/compiler/arm_5.0.4/include
     703                            .dwattr $C$DW$T$47, DW_AT_decl_line(0x31)
     704                            .dwattr $C$DW$T$47, DW_AT_decl_column(0x1c)
     705                    $C$DW$T$11      .dwtag  DW_TAG_base_type
     706                            .dwattr $C$DW$T$11, DW_AT_encoding(DW_ATE_unsigned)
     707                            .dwattr $C$DW$T$11, DW_AT_name("unsigned int")
     708                            .dwattr $C$DW$T$11, DW_AT_byte_size(0x04)
     709                    $C$DW$T$48      .dwtag  DW_TAG_typedef, DW_AT_name("size_t")
     710                            .dwattr $C$DW$T$48, DW_AT_type(*$C$DW$T$11)
     711                            .dwattr $C$DW$T$48, DW_AT_language(DW_LANG_C)
     712                            .dwattr $C$DW$T$48, DW_AT_decl_file("C:/TI_CodeComposer/ccsv5/tools/compiler/arm_5.0.4/include
     713                            .dwattr $C$DW$T$48, DW_AT_decl_line(0x64)
     714                            .dwattr $C$DW$T$48, DW_AT_decl_column(0x19)
     715                    $C$DW$T$12      .dwtag  DW_TAG_base_type
TI ARM Assembler PC v5.0.4 Mon Apr 28 11:29:07 2014

Tools Copyright (c) 1996-2013 Texas Instruments Incorporated
list.asm                                                             PAGE   14

     716                            .dwattr $C$DW$T$12, DW_AT_encoding(DW_ATE_signed)
     717                            .dwattr $C$DW$T$12, DW_AT_name("long")
     718                            .dwattr $C$DW$T$12, DW_AT_byte_size(0x04)
     719                    
     720                    $C$DW$T$49      .dwtag  DW_TAG_subroutine_type
     721                            .dwattr $C$DW$T$49, DW_AT_type(*$C$DW$T$12)
     722                            .dwattr $C$DW$T$49, DW_AT_language(DW_LANG_C)
     723                    $C$DW$39        .dwtag  DW_TAG_formal_parameter
     724                            .dwattr $C$DW$39, DW_AT_type(*$C$DW$T$3)
     725                            .dwendtag $C$DW$T$49
     726                    
     727                    $C$DW$T$50      .dwtag  DW_TAG_pointer_type
     728                            .dwattr $C$DW$T$50, DW_AT_type(*$C$DW$T$49)
     729                            .dwattr $C$DW$T$50, DW_AT_address_class(0x20)
     730                    $C$DW$T$51      .dwtag  DW_TAG_typedef, DW_AT_name("pdTASK_HOOK_CODE")
     731                            .dwattr $C$DW$T$51, DW_AT_type(*$C$DW$T$50)
     732                            .dwattr $C$DW$T$51, DW_AT_language(DW_LANG_C)
     733                            .dwattr $C$DW$T$51, DW_AT_decl_file("H:/EECS_388/TI_ARM_Project/FreeRTOS_IntTimer/Source/inclu
     734                            .dwattr $C$DW$T$51, DW_AT_decl_line(0x66)
     735                            .dwattr $C$DW$T$51, DW_AT_decl_column(0x19)
     736                    $C$DW$T$13      .dwtag  DW_TAG_base_type
     737                            .dwattr $C$DW$T$13, DW_AT_encoding(DW_ATE_unsigned)
     738                            .dwattr $C$DW$T$13, DW_AT_name("unsigned long")
     739                            .dwattr $C$DW$T$13, DW_AT_byte_size(0x04)
     740                    $C$DW$T$22      .dwtag  DW_TAG_volatile_type
     741                            .dwattr $C$DW$T$22, DW_AT_type(*$C$DW$T$13)
     742                    $C$DW$T$29      .dwtag  DW_TAG_typedef, DW_AT_name("portTickType")
     743                            .dwattr $C$DW$T$29, DW_AT_type(*$C$DW$T$13)
     744                            .dwattr $C$DW$T$29, DW_AT_language(DW_LANG_C)
     745                            .dwattr $C$DW$T$29, DW_AT_decl_file("H:\EECS_388\TI_ARM_Project\FreeRTOS_IntTimer\Source\inclu
     746                            .dwattr $C$DW$T$29, DW_AT_decl_line(0x6a)
     747                            .dwattr $C$DW$T$29, DW_AT_decl_column(0x1c)
     748                    $C$DW$T$14      .dwtag  DW_TAG_base_type
     749                            .dwattr $C$DW$T$14, DW_AT_encoding(DW_ATE_signed)
     750                            .dwattr $C$DW$T$14, DW_AT_name("long long")
     751                            .dwattr $C$DW$T$14, DW_AT_byte_size(0x08)
     752                    $C$DW$T$15      .dwtag  DW_TAG_base_type
     753                            .dwattr $C$DW$T$15, DW_AT_encoding(DW_ATE_unsigned)
     754                            .dwattr $C$DW$T$15, DW_AT_name("unsigned long long")
     755                            .dwattr $C$DW$T$15, DW_AT_byte_size(0x08)
     756                    $C$DW$T$16      .dwtag  DW_TAG_base_type
     757                            .dwattr $C$DW$T$16, DW_AT_encoding(DW_ATE_float)
     758                            .dwattr $C$DW$T$16, DW_AT_name("float")
     759                            .dwattr $C$DW$T$16, DW_AT_byte_size(0x04)
     760                    $C$DW$T$17      .dwtag  DW_TAG_base_type
     761                            .dwattr $C$DW$T$17, DW_AT_encoding(DW_ATE_float)
     762                            .dwattr $C$DW$T$17, DW_AT_name("double")
     763                            .dwattr $C$DW$T$17, DW_AT_byte_size(0x08)
     764                    $C$DW$T$18      .dwtag  DW_TAG_base_type
     765                            .dwattr $C$DW$T$18, DW_AT_encoding(DW_ATE_float)
     766                            .dwattr $C$DW$T$18, DW_AT_name("long double")
     767                            .dwattr $C$DW$T$18, DW_AT_byte_size(0x08)
     768                    
     769                    $C$DW$T$28      .dwtag  DW_TAG_structure_type
     770                            .dwattr $C$DW$T$28, DW_AT_name("xLIST")
TI ARM Assembler PC v5.0.4 Mon Apr 28 11:29:07 2014

Tools Copyright (c) 1996-2013 Texas Instruments Incorporated
list.asm                                                             PAGE   15

     771                            .dwattr $C$DW$T$28, DW_AT_byte_size(0x14)
     772                    $C$DW$40        .dwtag  DW_TAG_member
     773                            .dwattr $C$DW$40, DW_AT_type(*$C$DW$T$22)
     774                            .dwattr $C$DW$40, DW_AT_name("uxNumberOfItems")
     775                            .dwattr $C$DW$40, DW_AT_TI_symbol_name("uxNumberOfItems")
     776                            .dwattr $C$DW$40, DW_AT_data_member_location[DW_OP_plus_uconst 0x0]
     777                            .dwattr $C$DW$40, DW_AT_accessibility(DW_ACCESS_public)
     778                            .dwattr $C$DW$40, DW_AT_decl_file("H:/EECS_388/TI_ARM_Project/FreeRTOS_IntTimer/Source/include
     779                            .dwattr $C$DW$40, DW_AT_decl_line(0x88)
     780                            .dwattr $C$DW$40, DW_AT_decl_column(0x22)
     781                    $C$DW$41        .dwtag  DW_TAG_member
     782                            .dwattr $C$DW$41, DW_AT_type(*$C$DW$T$25)
     783                            .dwattr $C$DW$41, DW_AT_name("pxIndex")
     784                            .dwattr $C$DW$41, DW_AT_TI_symbol_name("pxIndex")
     785                            .dwattr $C$DW$41, DW_AT_data_member_location[DW_OP_plus_uconst 0x4]
     786                            .dwattr $C$DW$41, DW_AT_accessibility(DW_ACCESS_public)
     787                            .dwattr $C$DW$41, DW_AT_decl_file("H:/EECS_388/TI_ARM_Project/FreeRTOS_IntTimer/Source/include
     788                            .dwattr $C$DW$41, DW_AT_decl_line(0x89)
     789                            .dwattr $C$DW$41, DW_AT_decl_column(0x17)
     790                    $C$DW$42        .dwtag  DW_TAG_member
     791                            .dwattr $C$DW$42, DW_AT_type(*$C$DW$T$27)
     792                            .dwattr $C$DW$42, DW_AT_name("xListEnd")
     793                            .dwattr $C$DW$42, DW_AT_TI_symbol_name("xListEnd")
     794                            .dwattr $C$DW$42, DW_AT_data_member_location[DW_OP_plus_uconst 0x8]
     795                            .dwattr $C$DW$42, DW_AT_accessibility(DW_ACCESS_public)
     796                            .dwattr $C$DW$42, DW_AT_decl_file("H:/EECS_388/TI_ARM_Project/FreeRTOS_IntTimer/Source/include
     797                            .dwattr $C$DW$42, DW_AT_decl_line(0x8a)
     798                            .dwattr $C$DW$42, DW_AT_decl_column(0x19)
     799                            .dwendtag $C$DW$T$28
     800                    
     801                            .dwattr $C$DW$T$28, DW_AT_decl_file("H:/EECS_388/TI_ARM_Project/FreeRTOS_IntTimer/Source/inclu
     802                            .dwattr $C$DW$T$28, DW_AT_decl_line(0x86)
     803                            .dwattr $C$DW$T$28, DW_AT_decl_column(0x10)
     804                    $C$DW$T$37      .dwtag  DW_TAG_typedef, DW_AT_name("xList")
     805                            .dwattr $C$DW$T$37, DW_AT_type(*$C$DW$T$28)
     806                            .dwattr $C$DW$T$37, DW_AT_language(DW_LANG_C)
     807                            .dwattr $C$DW$T$37, DW_AT_decl_file("H:/EECS_388/TI_ARM_Project/FreeRTOS_IntTimer/Source/inclu
     808                            .dwattr $C$DW$T$37, DW_AT_decl_line(0x8b)
     809                            .dwattr $C$DW$T$37, DW_AT_decl_column(0x03)
     810                    $C$DW$T$38      .dwtag  DW_TAG_pointer_type
     811                            .dwattr $C$DW$T$38, DW_AT_type(*$C$DW$T$37)
     812                            .dwattr $C$DW$T$38, DW_AT_address_class(0x20)
     813                    
     814                    $C$DW$T$32      .dwtag  DW_TAG_structure_type
     815                            .dwattr $C$DW$T$32, DW_AT_name("xLIST_ITEM")
     816                            .dwattr $C$DW$T$32, DW_AT_byte_size(0x14)
     817                    $C$DW$43        .dwtag  DW_TAG_member
     818                            .dwattr $C$DW$43, DW_AT_type(*$C$DW$T$29)
     819                            .dwattr $C$DW$43, DW_AT_name("xItemValue")
     820                            .dwattr $C$DW$43, DW_AT_TI_symbol_name("xItemValue")
     821                            .dwattr $C$DW$43, DW_AT_data_member_location[DW_OP_plus_uconst 0x0]
     822                            .dwattr $C$DW$43, DW_AT_accessibility(DW_ACCESS_public)
     823                            .dwattr $C$DW$43, DW_AT_decl_file("H:/EECS_388/TI_ARM_Project/FreeRTOS_IntTimer/Source/include
     824                            .dwattr $C$DW$43, DW_AT_decl_line(0x73)
     825                            .dwattr $C$DW$43, DW_AT_decl_column(0x0f)
TI ARM Assembler PC v5.0.4 Mon Apr 28 11:29:07 2014

Tools Copyright (c) 1996-2013 Texas Instruments Incorporated
list.asm                                                             PAGE   16

     826                    $C$DW$44        .dwtag  DW_TAG_member
     827                            .dwattr $C$DW$44, DW_AT_type(*$C$DW$T$31)
     828                            .dwattr $C$DW$44, DW_AT_name("pxNext")
     829                            .dwattr $C$DW$44, DW_AT_TI_symbol_name("pxNext")
     830                            .dwattr $C$DW$44, DW_AT_data_member_location[DW_OP_plus_uconst 0x4]
     831                            .dwattr $C$DW$44, DW_AT_accessibility(DW_ACCESS_public)
     832                            .dwattr $C$DW$44, DW_AT_decl_file("H:/EECS_388/TI_ARM_Project/FreeRTOS_IntTimer/Source/include
     833                            .dwattr $C$DW$44, DW_AT_decl_line(0x74)
     834                            .dwattr $C$DW$44, DW_AT_decl_column(0x1f)
     835                    $C$DW$45        .dwtag  DW_TAG_member
     836                            .dwattr $C$DW$45, DW_AT_type(*$C$DW$T$31)
     837                            .dwattr $C$DW$45, DW_AT_name("pxPrevious")
     838                            .dwattr $C$DW$45, DW_AT_TI_symbol_name("pxPrevious")
     839                            .dwattr $C$DW$45, DW_AT_data_member_location[DW_OP_plus_uconst 0x8]
     840                            .dwattr $C$DW$45, DW_AT_accessibility(DW_ACCESS_public)
     841                            .dwattr $C$DW$45, DW_AT_decl_file("H:/EECS_388/TI_ARM_Project/FreeRTOS_IntTimer/Source/include
     842                            .dwattr $C$DW$45, DW_AT_decl_line(0x75)
     843                            .dwattr $C$DW$45, DW_AT_decl_column(0x1f)
     844                    $C$DW$46        .dwtag  DW_TAG_member
     845                            .dwattr $C$DW$46, DW_AT_type(*$C$DW$T$3)
     846                            .dwattr $C$DW$46, DW_AT_name("pvOwner")
     847                            .dwattr $C$DW$46, DW_AT_TI_symbol_name("pvOwner")
     848                            .dwattr $C$DW$46, DW_AT_data_member_location[DW_OP_plus_uconst 0xc]
     849                            .dwattr $C$DW$46, DW_AT_accessibility(DW_ACCESS_public)
     850                            .dwattr $C$DW$46, DW_AT_decl_file("H:/EECS_388/TI_ARM_Project/FreeRTOS_IntTimer/Source/include
     851                            .dwattr $C$DW$46, DW_AT_decl_line(0x76)
     852                            .dwattr $C$DW$46, DW_AT_decl_column(0x09)
     853                    $C$DW$47        .dwtag  DW_TAG_member
     854                            .dwattr $C$DW$47, DW_AT_type(*$C$DW$T$3)
     855                            .dwattr $C$DW$47, DW_AT_name("pvContainer")
     856                            .dwattr $C$DW$47, DW_AT_TI_symbol_name("pvContainer")
     857                            .dwattr $C$DW$47, DW_AT_data_member_location[DW_OP_plus_uconst 0x10]
     858                            .dwattr $C$DW$47, DW_AT_accessibility(DW_ACCESS_public)
     859                            .dwattr $C$DW$47, DW_AT_decl_file("H:/EECS_388/TI_ARM_Project/FreeRTOS_IntTimer/Source/include
     860                            .dwattr $C$DW$47, DW_AT_decl_line(0x77)
     861                            .dwattr $C$DW$47, DW_AT_decl_column(0x09)
     862                            .dwendtag $C$DW$T$32
     863                    
     864                            .dwattr $C$DW$T$32, DW_AT_decl_file("H:/EECS_388/TI_ARM_Project/FreeRTOS_IntTimer/Source/inclu
     865                            .dwattr $C$DW$T$32, DW_AT_decl_line(0x71)
     866                            .dwattr $C$DW$T$32, DW_AT_decl_column(0x08)
     867                    $C$DW$T$30      .dwtag  DW_TAG_volatile_type
     868                            .dwattr $C$DW$T$30, DW_AT_type(*$C$DW$T$32)
     869                    $C$DW$T$31      .dwtag  DW_TAG_pointer_type
     870                            .dwattr $C$DW$T$31, DW_AT_type(*$C$DW$T$30)
     871                            .dwattr $C$DW$T$31, DW_AT_address_class(0x20)
     872                    $C$DW$T$23      .dwtag  DW_TAG_typedef, DW_AT_name("xListItem")
     873                            .dwattr $C$DW$T$23, DW_AT_type(*$C$DW$T$32)
     874                            .dwattr $C$DW$T$23, DW_AT_language(DW_LANG_C)
     875                            .dwattr $C$DW$T$23, DW_AT_decl_file("H:/EECS_388/TI_ARM_Project/FreeRTOS_IntTimer/Source/inclu
     876                            .dwattr $C$DW$T$23, DW_AT_decl_line(0x79)
     877                            .dwattr $C$DW$T$23, DW_AT_decl_column(0x1b)
     878                    $C$DW$T$40      .dwtag  DW_TAG_pointer_type
     879                            .dwattr $C$DW$T$40, DW_AT_type(*$C$DW$T$23)
     880                            .dwattr $C$DW$T$40, DW_AT_address_class(0x20)
TI ARM Assembler PC v5.0.4 Mon Apr 28 11:29:07 2014

Tools Copyright (c) 1996-2013 Texas Instruments Incorporated
list.asm                                                             PAGE   17

     881                    $C$DW$T$24      .dwtag  DW_TAG_volatile_type
     882                            .dwattr $C$DW$T$24, DW_AT_type(*$C$DW$T$23)
     883                    $C$DW$T$25      .dwtag  DW_TAG_pointer_type
     884                            .dwattr $C$DW$T$25, DW_AT_type(*$C$DW$T$24)
     885                            .dwattr $C$DW$T$25, DW_AT_address_class(0x20)
     886                    
     887                    $C$DW$T$33      .dwtag  DW_TAG_structure_type
     888                            .dwattr $C$DW$T$33, DW_AT_name("xMINI_LIST_ITEM")
     889                            .dwattr $C$DW$T$33, DW_AT_byte_size(0x0c)
     890                    $C$DW$48        .dwtag  DW_TAG_member
     891                            .dwattr $C$DW$48, DW_AT_type(*$C$DW$T$29)
     892                            .dwattr $C$DW$48, DW_AT_name("xItemValue")
     893                            .dwattr $C$DW$48, DW_AT_TI_symbol_name("xItemValue")
     894                            .dwattr $C$DW$48, DW_AT_data_member_location[DW_OP_plus_uconst 0x0]
     895                            .dwattr $C$DW$48, DW_AT_accessibility(DW_ACCESS_public)
     896                            .dwattr $C$DW$48, DW_AT_decl_file("H:/EECS_388/TI_ARM_Project/FreeRTOS_IntTimer/Source/include
     897                            .dwattr $C$DW$48, DW_AT_decl_line(0x7d)
     898                            .dwattr $C$DW$48, DW_AT_decl_column(0x0f)
     899                    $C$DW$49        .dwtag  DW_TAG_member
     900                            .dwattr $C$DW$49, DW_AT_type(*$C$DW$T$31)
     901                            .dwattr $C$DW$49, DW_AT_name("pxNext")
     902                            .dwattr $C$DW$49, DW_AT_TI_symbol_name("pxNext")
     903                            .dwattr $C$DW$49, DW_AT_data_member_location[DW_OP_plus_uconst 0x4]
     904                            .dwattr $C$DW$49, DW_AT_accessibility(DW_ACCESS_public)
     905                            .dwattr $C$DW$49, DW_AT_decl_file("H:/EECS_388/TI_ARM_Project/FreeRTOS_IntTimer/Source/include
     906                            .dwattr $C$DW$49, DW_AT_decl_line(0x7e)
     907                            .dwattr $C$DW$49, DW_AT_decl_column(0x1e)
     908                    $C$DW$50        .dwtag  DW_TAG_member
     909                            .dwattr $C$DW$50, DW_AT_type(*$C$DW$T$31)
     910                            .dwattr $C$DW$50, DW_AT_name("pxPrevious")
     911                            .dwattr $C$DW$50, DW_AT_TI_symbol_name("pxPrevious")
     912                            .dwattr $C$DW$50, DW_AT_data_member_location[DW_OP_plus_uconst 0x8]
     913                            .dwattr $C$DW$50, DW_AT_accessibility(DW_ACCESS_public)
     914                            .dwattr $C$DW$50, DW_AT_decl_file("H:/EECS_388/TI_ARM_Project/FreeRTOS_IntTimer/Source/include
     915                            .dwattr $C$DW$50, DW_AT_decl_line(0x7f)
     916                            .dwattr $C$DW$50, DW_AT_decl_column(0x1e)
     917                            .dwendtag $C$DW$T$33
     918                    
     919                            .dwattr $C$DW$T$33, DW_AT_decl_file("H:/EECS_388/TI_ARM_Project/FreeRTOS_IntTimer/Source/inclu
     920                            .dwattr $C$DW$T$33, DW_AT_decl_line(0x7b)
     921                            .dwattr $C$DW$T$33, DW_AT_decl_column(0x08)
     922                    $C$DW$T$26      .dwtag  DW_TAG_typedef, DW_AT_name("xMiniListItem")
     923                            .dwattr $C$DW$T$26, DW_AT_type(*$C$DW$T$33)
     924                            .dwattr $C$DW$T$26, DW_AT_language(DW_LANG_C)
     925                            .dwattr $C$DW$T$26, DW_AT_decl_file("H:/EECS_388/TI_ARM_Project/FreeRTOS_IntTimer/Source/inclu
     926                            .dwattr $C$DW$T$26, DW_AT_decl_line(0x81)
     927                            .dwattr $C$DW$T$26, DW_AT_decl_column(0x20)
     928                    $C$DW$T$27      .dwtag  DW_TAG_volatile_type
     929                            .dwattr $C$DW$T$27, DW_AT_type(*$C$DW$T$26)
     930                            .dwattr $C$DW$CU, DW_AT_language(DW_LANG_C)
     931                    
     932                    ;***************************************************************
     933                    ;* DWARF CIE ENTRIES                                           *
     934                    ;***************************************************************
     935                    
TI ARM Assembler PC v5.0.4 Mon Apr 28 11:29:07 2014

Tools Copyright (c) 1996-2013 Texas Instruments Incorporated
list.asm                                                             PAGE   18

     936                    $C$DW$CIE       .dwcie 14
     937                            .dwcfi  cfa_register, 13
     938                            .dwcfi  cfa_offset, 0
     939                            .dwcfi  undefined, 0
     940                            .dwcfi  undefined, 1
     941                            .dwcfi  undefined, 2
     942                            .dwcfi  undefined, 3
     943                            .dwcfi  same_value, 4
     944                            .dwcfi  same_value, 5
     945                            .dwcfi  same_value, 6
     946                            .dwcfi  same_value, 7
     947                            .dwcfi  same_value, 8
     948                            .dwcfi  same_value, 9
     949                            .dwcfi  same_value, 10
     950                            .dwcfi  same_value, 11
     951                            .dwcfi  undefined, 12
     952                            .dwcfi  undefined, 13
     953                            .dwcfi  undefined, 14
     954                            .dwcfi  undefined, 14
     955                            .dwcfi  undefined, 7
     956                            .dwendentry
     957                            .dwendtag $C$DW$CU
     958                    

--------------------------
Thumb2 Statistics
--------------------------
Number of Thumb2 ins converted to Thumb = 0 (0%)
Number of Thumb ins in input = 159 (95%)
Number of Thumb2 ins encoded as Thumb2 = 7 (100%)
Number of Thumb2 ins converted to 2 OPND Thumb = 17


No Assembly Errors, No Assembly Warnings
