TI ARM Assembler PC v5.0.4 Mon Apr 21 10:37:13 2014

Tools Copyright (c) 1996-2013 Texas Instruments Incorporated
../AsmCompute.asm                                                    PAGE    1

       1                    ;;*****************************************************************************
       2                    ;;
       3                    ;;      Assembly language subroutine
       4                    ;;
       5                    ;;              Author:                 Gary J. Minden
       6                    ;;              Organization:   KU/EECS/EECS 388
       7                    ;;              Date:                   2014-04-18
       8                    ;;              Version:                1.0
       9                    ;;
      10                    ;;              Purpose:                Assembly language subroutine
      11                    ;;
      12                    ;;              Notes:
      13                    ;;
      14                    ;;*****************************************************************************
      15                    ;;
      16                    
      17                    ;;
      18                    ;;      This subroutine computes a value based on four input arguements.
      19                    ;;      The arguments are assumed to be in CPU registers R0 - R3
      20                    ;;        (AKA A1 - A4)
      21                    ;;
      22                    
      23                    ;;      Declare sections and external references
      24                    
      25                                    .global         AsmCompute                              ; Declare entry point as a glo
      26                    
      27 00000000                           .text                                                           ; Program sections
      28                    
      29 00000000           AsmCompute:                                                                     ; Entry point
      30                    
      31                    ;;
      32                    ;;      Save necessary registers
      33                    ;;
      34                    ;;      Since this subroutine does not use registers other than R0 - R3,
      35                    ;;        and we do not call another subroutine, we don't need to save
      36                    ;;        any registers.
      37                    ;;
      38                    
      39                    ;;
      40                    ;;      Allocate local variables on the Stack
      41                    ;;
      42                    ;;      Since this subroutine does not have local variables,
      43                    ;;        no Stack space need be allocated.
      44                    ;;
      45                    
      46                    ;;
      47                    ;;      For demonstration, this subroutine computes R0 + R1 + R2 + R3
      48                    ;;        and returns the result in R0
      49                    ;;
      50 00000000 4358                      MULS            R0,R3 ; [ORIG 16-BIT INS]
      51 00000002 4010                      ANDS            R0,R2 ; [ORIG 16-BIT INS]
      52 00000004 4310                      ORRS            R0,R2 ; [ORIG 16-BIT INS]
      53 00000006 435A                      MULS            R2,R3 ; [ORIG 16-BIT INS]
      54 00000008 1889                      ADDS            R1,R2 ; [ORIG 16-BIT INS]
      55 0000000a 1840                      ADDS            R0,R1 ; [ORIG 16-BIT INS]
TI ARM Assembler PC v5.0.4 Mon Apr 21 10:37:13 2014

Tools Copyright (c) 1996-2013 Texas Instruments Incorporated
../AsmCompute.asm                                                    PAGE    2

      56                    
      57                    ;;
      58                    ;;      Return from the subroutine with the result in R0
      59                    ;;
      60 0000000c 4770                      BX                      LR                              ; Branch to the program addres
      61                    
      62                                    .end

No Assembly Errors, No Assembly Warnings
